Started GET "/" for 127.0.0.1 at 2018-01-27 18:44:47 -0500
Processing by Rails::WelcomeController#index as HTML
  Rendering C:/RailsInstaller/Ruby2.3.0/lib/ruby/gems/2.3.0/gems/railties-5.1.4/lib/rails/templates/rails/welcome/index.html.erb
  Rendered C:/RailsInstaller/Ruby2.3.0/lib/ruby/gems/2.3.0/gems/railties-5.1.4/lib/rails/templates/rails/welcome/index.html.erb (25.8ms)
Completed 200 OK in 867ms (Views: 260.3ms)


Started GET "/" for 127.0.0.1 at 2018-01-27 18:45:11 -0500
Processing by HomeController#index as HTML
  Rendering home/index.html.erb within layouts/application
  Rendered home/index.html.erb within layouts/application (9259.0ms)
  Rendered shared/_navbar.html.erb (1.0ms)
Completed 200 OK in 9816ms (Views: 9784.1ms)


Started GET "/" for 127.0.0.1 at 2018-01-27 18:49:21 -0500
Processing by HomeController#index as HTML
  Rendering home/index.html.erb within layouts/application
  Rendered home/index.html.erb within layouts/application (0.0ms)
  Rendered shared/_navbar.html.erb (1.0ms)
Completed 200 OK in 67797ms (Views: 67768.7ms)


Started GET "/" for 127.0.0.1 at 2018-01-27 18:51:30 -0500
Processing by HomeController#index as HTML
  Rendering home/index.html.erb within layouts/application
  Rendered home/index.html.erb within layouts/application (1.0ms)
  Rendered shared/_navbar.html.erb (1.0ms)
Completed 200 OK in 6904ms (Views: 6855.1ms)


Started GET "/" for 127.0.0.1 at 2018-01-27 18:51:51 -0500
Processing by HomeController#index as HTML
  Rendering home/index.html.erb within layouts/application
  Rendered home/index.html.erb within layouts/application (0.9ms)
  Rendered shared/_navbar.html.erb (0.9ms)
Completed 200 OK in 859ms (Views: 828.9ms)


Started GET "/" for 127.0.0.1 at 2018-01-27 18:52:26 -0500
Processing by HomeController#index as HTML
  Rendering home/index.html.erb within layouts/application
  Rendered home/index.html.erb within layouts/application (1.0ms)
  Rendered shared/_navbar.html.erb (0.0ms)
Completed 200 OK in 4000ms (Views: 3969.5ms)


Started GET "/" for 127.0.0.1 at 2018-01-27 18:53:01 -0500
Processing by HomeController#index as HTML
  Rendering home/index.html.erb within layouts/application
  Rendered home/index.html.erb within layouts/application (1.0ms)
  Rendered shared/_navbar.html.erb (1.0ms)
Completed 200 OK in 749ms (Views: 720.5ms)


Started GET "/" for 127.0.0.1 at 2018-01-27 18:54:44 -0500
Processing by HomeController#index as HTML
  Rendering home/index.html.erb within layouts/application
  Rendered home/index.html.erb within layouts/application (1.0ms)
  Rendered shared/_navbar.html.erb (0.0ms)
Completed 200 OK in 3733ms (Views: 3693.7ms)


Started GET "/" for 127.0.0.1 at 2018-01-27 18:55:00 -0500
Processing by HomeController#index as HTML
  Rendering home/index.html.erb within layouts/application
  Rendered home/index.html.erb within layouts/application (0.0ms)
  Rendered shared/_navbar.html.erb (1.0ms)
Completed 200 OK in 3792ms (Views: 3758.0ms)


Started GET "/" for 127.0.0.1 at 2018-01-27 18:57:59 -0500
Processing by HomeController#index as HTML
  Rendering home/index.html.erb within layouts/application
  Rendered home/index.html.erb within layouts/application (1.0ms)
  Rendered shared/_navbar.html.erb (1.1ms)
Completed 200 OK in 3986ms (Views: 3956.2ms)


Started GET "/" for 127.0.0.1 at 2018-01-27 18:58:22 -0500
Processing by HomeController#index as HTML
  Rendering home/index.html.erb within layouts/application
  Rendered home/index.html.erb within layouts/application (0.0ms)
  Rendered shared/_navbar.html.erb (1.1ms)
Completed 200 OK in 3973ms (Views: 3940.2ms)


Started GET "/" for 127.0.0.1 at 2018-01-27 18:58:54 -0500
Processing by HomeController#index as HTML
  Rendering home/index.html.erb within layouts/application
  Rendered home/index.html.erb within layouts/application (1.0ms)
  Rendered shared/_navbar.html.erb (1.0ms)
Completed 200 OK in 3950ms (Views: 3919.5ms)


Started GET "/" for 127.0.0.1 at 2018-01-27 18:59:42 -0500
Processing by HomeController#index as HTML
  Rendering home/index.html.erb within layouts/application
  Rendered home/index.html.erb within layouts/application (1.0ms)
  Rendered shared/_navbar.html.erb (0.0ms)
Completed 200 OK in 3873ms (Views: 3837.7ms)


Started GET "/" for 127.0.0.1 at 2018-01-27 19:00:56 -0500
Processing by HomeController#index as HTML
  Rendering home/index.html.erb within layouts/application
  Rendered home/index.html.erb within layouts/application (0.0ms)
  Rendered shared/_navbar.html.erb (0.0ms)
Completed 200 OK in 4059ms (Views: 4021.3ms)


Started GET "/" for 127.0.0.1 at 2018-01-27 19:01:08 -0500
Processing by HomeController#index as HTML
  Rendering home/index.html.erb within layouts/application
  Rendered home/index.html.erb within layouts/application (0.0ms)
  Rendered shared/_navbar.html.erb (0.0ms)
Completed 200 OK in 4044ms (Views: 4012.1ms)


Started GET "/" for 127.0.0.1 at 2018-01-27 19:01:22 -0500
Processing by HomeController#index as HTML
  Rendering home/index.html.erb within layouts/application
  Rendered home/index.html.erb within layouts/application (0.0ms)
  Rendered shared/_navbar.html.erb (0.0ms)
Completed 200 OK in 4268ms (Views: 4235.2ms)


Started GET "/" for 127.0.0.1 at 2018-01-27 19:01:30 -0500
Processing by HomeController#index as HTML
  Rendering home/index.html.erb within layouts/application
  Rendered home/index.html.erb within layouts/application (0.0ms)
  Rendered shared/_navbar.html.erb (0.0ms)
Completed 200 OK in 6942ms (Views: 6910.9ms)


Started GET "/" for 127.0.0.1 at 2018-01-27 19:01:47 -0500
Processing by HomeController#index as HTML
  Rendering home/index.html.erb within layouts/application
  Rendered home/index.html.erb within layouts/application (0.0ms)
  Rendered shared/_navbar.html.erb (1.0ms)
Completed 200 OK in 4064ms (Views: 4030.5ms)


Started GET "/" for 127.0.0.1 at 2018-01-27 19:02:11 -0500
Processing by HomeController#index as HTML
  Rendering home/index.html.erb within layouts/application
  Rendered home/index.html.erb within layouts/application (0.0ms)
  Rendered shared/_navbar.html.erb (1.0ms)
Completed 200 OK in 3909ms (Views: 3874.8ms)


Started GET "/" for 127.0.0.1 at 2018-01-27 19:02:24 -0500
Processing by HomeController#index as HTML
  Rendering home/index.html.erb within layouts/application
  Rendered home/index.html.erb within layouts/application (0.0ms)
  Rendered shared/_navbar.html.erb (1.0ms)
Completed 200 OK in 4134ms (Views: 4090.7ms)


Started GET "/" for 127.0.0.1 at 2018-01-27 19:02:37 -0500
Processing by HomeController#index as HTML
  Rendering home/index.html.erb within layouts/application
  Rendered home/index.html.erb within layouts/application (0.0ms)
  Rendered shared/_navbar.html.erb (1.0ms)
Completed 200 OK in 5316ms (Views: 5286.0ms)


Started GET "/" for 127.0.0.1 at 2018-01-27 19:02:55 -0500
Processing by HomeController#index as HTML
  Rendering home/index.html.erb within layouts/application
  Rendered home/index.html.erb within layouts/application (0.0ms)
  Rendered shared/_navbar.html.erb (1.0ms)
Completed 200 OK in 3777ms (Views: 3746.2ms)


Started GET "/" for 127.0.0.1 at 2018-01-27 19:03:15 -0500
Processing by HomeController#index as HTML
  Rendering home/index.html.erb within layouts/application
  Rendered home/index.html.erb within layouts/application (1.0ms)
  Rendered shared/_navbar.html.erb (0.0ms)
Completed 200 OK in 3524ms (Views: 3496.3ms)


Started GET "/" for 127.0.0.1 at 2018-01-27 19:04:50 -0500
Processing by HomeController#index as HTML
  Rendering home/index.html.erb within layouts/application
  Rendered home/index.html.erb within layouts/application (0.0ms)
  Rendered shared/_navbar.html.erb (0.0ms)
Completed 200 OK in 3717ms (Views: 3683.6ms)


Started GET "/" for 127.0.0.1 at 2018-01-27 19:05:11 -0500
Processing by HomeController#index as HTML
  Rendering home/index.html.erb within layouts/application
  Rendered home/index.html.erb within layouts/application (1.0ms)
  Rendered shared/_navbar.html.erb (1.0ms)
Completed 200 OK in 893ms (Views: 864.7ms)


Started GET "/" for 127.0.0.1 at 2018-01-27 19:05:45 -0500
Processing by HomeController#index as HTML
  Rendering home/index.html.erb within layouts/application
  Rendered home/index.html.erb within layouts/application (1.0ms)
  Rendered shared/_navbar.html.erb (0.0ms)
Completed 200 OK in 3759ms (Views: 3724.7ms)


Started GET "/" for 127.0.0.1 at 2018-01-27 19:06:42 -0500
Processing by HomeController#index as HTML
  Rendering home/index.html.erb within layouts/application
  Rendered home/index.html.erb within layouts/application (1.0ms)
  Rendered shared/_navbar.html.erb (1.0ms)
Completed 200 OK in 3547ms (Views: 3516.9ms)


Started GET "/" for 127.0.0.1 at 2018-01-27 19:07:14 -0500
Processing by HomeController#index as HTML
  Rendering home/index.html.erb within layouts/application
  Rendered home/index.html.erb within layouts/application (0.0ms)
  Rendered shared/_navbar.html.erb (1.0ms)
Completed 200 OK in 3836ms (Views: 3800.5ms)


Started GET "/" for 127.0.0.1 at 2018-01-27 19:08:01 -0500
Processing by HomeController#index as HTML
  Rendering home/index.html.erb within layouts/application
  Rendered home/index.html.erb within layouts/application (0.0ms)
  Rendered shared/_navbar.html.erb (0.0ms)
Completed 200 OK in 3902ms (Views: 3874.7ms)


Started GET "/" for 127.0.0.1 at 2018-01-27 19:08:23 -0500
Processing by HomeController#index as HTML
  Rendering home/index.html.erb within layouts/application
  Rendered home/index.html.erb within layouts/application (0.0ms)
  Rendered shared/_navbar.html.erb (0.0ms)
Completed 200 OK in 3760ms (Views: 3727.7ms)


Started GET "/" for 127.0.0.1 at 2018-01-27 19:09:18 -0500
Processing by HomeController#index as HTML
  Rendering home/index.html.erb within layouts/application
  Rendered home/index.html.erb within layouts/application (0.0ms)
  Rendered shared/_navbar.html.erb (1.0ms)
Completed 200 OK in 843ms (Views: 813.0ms)


Started GET "/" for 127.0.0.1 at 2018-01-27 19:09:37 -0500
Processing by HomeController#index as HTML
  Rendering home/index.html.erb within layouts/application
  Rendered home/index.html.erb within layouts/application (1.0ms)
  Rendered shared/_navbar.html.erb (0.0ms)
Completed 200 OK in 748ms (Views: 720.8ms)


Started GET "/" for 127.0.0.1 at 2018-01-27 19:10:49 -0500
Processing by HomeController#index as HTML
  Rendering home/index.html.erb within layouts/application
  Rendered home/index.html.erb within layouts/application (0.0ms)
  Rendered shared/_navbar.html.erb (1.0ms)
Completed 200 OK in 778ms (Views: 748.9ms)


Started GET "/" for 127.0.0.1 at 2018-01-27 19:11:28 -0500
Processing by HomeController#index as HTML
  Rendering home/index.html.erb within layouts/application
  Rendered home/index.html.erb within layouts/application (0.9ms)
  Rendered shared/_navbar.html.erb (0.0ms)
Completed 200 OK in 3749ms (Views: 3716.0ms)


Started GET "/" for 127.0.0.1 at 2018-01-27 19:11:53 -0500
Processing by HomeController#index as HTML
  Rendering home/index.html.erb within layouts/application
  Rendered home/index.html.erb within layouts/application (1.0ms)
  Rendered shared/_navbar.html.erb (1.0ms)
Completed 200 OK in 3797ms (Views: 3762.0ms)


Started GET "/" for 127.0.0.1 at 2018-01-27 19:12:09 -0500
Processing by HomeController#index as HTML
  Rendering home/index.html.erb within layouts/application
  Rendered home/index.html.erb within layouts/application (0.0ms)
  Rendered shared/_navbar.html.erb (0.0ms)
Completed 200 OK in 3827ms (Views: 3796.1ms)


Started GET "/" for 127.0.0.1 at 2018-01-27 19:12:30 -0500
Processing by HomeController#index as HTML
  Rendering home/index.html.erb within layouts/application
  Rendered home/index.html.erb within layouts/application (0.0ms)
  Rendered shared/_navbar.html.erb (0.0ms)
Completed 200 OK in 3958ms (Views: 3924.8ms)


Started GET "/" for 127.0.0.1 at 2018-01-27 19:12:39 -0500
Processing by HomeController#index as HTML
  Rendering home/index.html.erb within layouts/application
  Rendered home/index.html.erb within layouts/application (0.0ms)
  Rendered shared/_navbar.html.erb (0.0ms)
Completed 200 OK in 4377ms (Views: 4346.3ms)


Started GET "/" for 127.0.0.1 at 2018-01-27 19:13:05 -0500
Processing by HomeController#index as HTML
  Rendering home/index.html.erb within layouts/application
  Rendered home/index.html.erb within layouts/application (1.0ms)
  Rendered shared/_navbar.html.erb (1.0ms)
Completed 200 OK in 903ms (Views: 871.4ms)


Started GET "/" for 127.0.0.1 at 2018-01-27 19:16:04 -0500
Processing by HomeController#index as HTML
  Rendering home/index.html.erb within layouts/application
  Rendered home/index.html.erb within layouts/application (0.0ms)
  Rendered shared/_navbar.html.erb (1.0ms)
Completed 200 OK in 3940ms (Views: 3904.5ms)


Started GET "/" for 127.0.0.1 at 2018-01-27 19:17:38 -0500
Processing by HomeController#index as HTML
  Rendering home/index.html.erb within layouts/application
  Rendered home/index.html.erb within layouts/application (1.0ms)
  Rendered shared/_navbar.html.erb (0.0ms)
Completed 200 OK in 3722ms (Views: 3692.6ms)


Started GET "/" for 127.0.0.1 at 2018-01-27 19:17:44 -0500
Processing by HomeController#index as HTML
  Rendering home/index.html.erb within layouts/application
  Rendered home/index.html.erb within layouts/application (1.0ms)
  Rendered shared/_navbar.html.erb (1.0ms)
Completed 200 OK in 748ms (Views: 719.2ms)


Started GET "/" for 127.0.0.1 at 2018-01-27 19:18:03 -0500
Processing by HomeController#index as HTML
  Rendering home/index.html.erb within layouts/application
  Rendered home/index.html.erb within layouts/application (1.0ms)
  Rendered shared/_navbar.html.erb (0.0ms)
Completed 200 OK in 3863ms (Views: 3834.5ms)


Started GET "/" for 127.0.0.1 at 2018-01-27 19:18:10 -0500
Processing by HomeController#index as HTML
  Rendering home/index.html.erb within layouts/application
  Rendered home/index.html.erb within layouts/application (0.0ms)
  Rendered shared/_navbar.html.erb (1.0ms)
Completed 200 OK in 868ms (Views: 838.9ms)


Started GET "/" for 127.0.0.1 at 2018-01-27 19:20:32 -0500
Processing by HomeController#index as HTML
  Rendering home/index.html.erb within layouts/application
  Rendered home/index.html.erb within layouts/application (1.0ms)
  Rendered shared/_navbar.html.erb (0.0ms)
Completed 200 OK in 3752ms (Views: 3720.0ms)


Started GET "/" for 127.0.0.1 at 2018-01-27 19:20:47 -0500
Processing by HomeController#index as HTML
  Rendering home/index.html.erb within layouts/application
  Rendered home/index.html.erb within layouts/application (1.0ms)
  Rendered shared/_navbar.html.erb (0.0ms)
Completed 200 OK in 3817ms (Views: 3779.6ms)


Started GET "/" for 127.0.0.1 at 2018-01-27 19:21:26 -0500
Processing by HomeController#index as HTML
  Rendering home/index.html.erb within layouts/application
  Rendered home/index.html.erb within layouts/application (0.9ms)
  Rendered shared/_navbar.html.erb (0.0ms)
Completed 200 OK in 911ms (Views: 879.2ms)


Started GET "/" for 127.0.0.1 at 2018-01-27 19:22:07 -0500
Processing by HomeController#index as HTML
  Rendering home/index.html.erb within layouts/application
  Rendered home/index.html.erb within layouts/application (0.0ms)
  Rendered shared/_navbar.html.erb (1.0ms)
Completed 200 OK in 3585ms (Views: 3557.1ms)


Started GET "/" for 127.0.0.1 at 2018-01-27 19:25:11 -0500
Processing by HomeController#index as HTML
  Rendering home/index.html.erb within layouts/application
  Rendered home/index.html.erb within layouts/application (0.0ms)
  Rendered shared/_navbar.html.erb (1.0ms)
Completed 200 OK in 3742ms (Views: 3711.5ms)


Started GET "/" for 127.0.0.1 at 2018-01-27 19:26:39 -0500
Processing by HomeController#index as HTML
  Rendering home/index.html.erb within layouts/application
  Rendered home/index.html.erb within layouts/application (1.0ms)
  Rendered shared/_navbar.html.erb (0.0ms)
Completed 200 OK in 4064ms (Views: 4032.8ms)


Started GET "/" for 127.0.0.1 at 2018-01-27 19:26:57 -0500
Processing by HomeController#index as HTML
  Rendering home/index.html.erb within layouts/application
  Rendered home/index.html.erb within layouts/application (0.0ms)
  Rendered shared/_navbar.html.erb (1.0ms)
Completed 200 OK in 902ms (Views: 868.3ms)


Started GET "/" for 127.0.0.1 at 2018-01-28 12:30:25 -0500
Processing by HomeController#index as HTML
  Rendering home/index.html.erb within layouts/application
  Rendered home/index.html.erb within layouts/application (34.3ms)
  Rendered shared/_navbar.html.erb (0.5ms)
Completed 200 OK in 8648ms (Views: 6827.9ms)


Started GET "/" for 127.0.0.1 at 2018-01-28 12:33:14 -0500
Processing by HomeController#index as HTML
  Rendering home/index.html.erb within layouts/application
  Rendered home/index.html.erb within layouts/application (0.0ms)
  Rendered shared/_navbar.html.erb (0.0ms)
Completed 200 OK in 30488ms (Views: 30457.8ms)


Started GET "/" for 127.0.0.1 at 2018-01-28 14:16:00 -0500
Processing by HomeController#index as HTML
  Rendering home/index.html.erb within layouts/application
  Rendered home/index.html.erb within layouts/application (33.1ms)
  Rendered shared/_navbar.html.erb (1.1ms)
Completed 200 OK in 68706ms (Views: 65331.1ms)


Started GET "/" for 127.0.0.1 at 2018-01-28 14:18:10 -0500
Processing by HomeController#index as HTML
  Rendering home/index.html.erb within layouts/application
  Rendered home/index.html.erb within layouts/application (0.0ms)
  Rendered shared/_navbar.html.erb (1.0ms)
Completed 200 OK in 692ms (Views: 661.9ms)


Started GET "/" for 127.0.0.1 at 2018-01-28 14:18:48 -0500
Processing by HomeController#index as HTML
  Rendering home/index.html.erb within layouts/application
  Rendered home/index.html.erb within layouts/application (1.0ms)
  Rendered shared/_navbar.html.erb (0.9ms)
Completed 200 OK in 670ms (Views: 641.1ms)


Started GET "/" for 127.0.0.1 at 2018-01-28 14:19:04 -0500
Processing by HomeController#index as HTML
  Rendering home/index.html.erb within layouts/application
  Rendered home/index.html.erb within layouts/application (1.0ms)
  Rendered shared/_navbar.html.erb (0.0ms)
Completed 200 OK in 789ms (Views: 756.6ms)


Started GET "/" for 127.0.0.1 at 2018-01-28 14:19:25 -0500
Processing by HomeController#index as HTML
  Rendering home/index.html.erb within layouts/application
  Rendered home/index.html.erb within layouts/application (1.0ms)
  Rendered shared/_navbar.html.erb (0.0ms)
Completed 200 OK in 724ms (Views: 688.9ms)


Started GET "/" for 127.0.0.1 at 2018-01-28 14:19:39 -0500
Processing by HomeController#index as HTML
  Rendering home/index.html.erb within layouts/application
  Rendered home/index.html.erb within layouts/application (1.0ms)
  Rendered shared/_navbar.html.erb (1.0ms)
Completed 200 OK in 767ms (Views: 736.4ms)


Started GET "/" for 127.0.0.1 at 2018-01-28 14:20:12 -0500
Processing by HomeController#index as HTML
  Rendering home/index.html.erb within layouts/application
  Rendered home/index.html.erb within layouts/application (1.0ms)
  Rendered shared/_navbar.html.erb (1.0ms)
Completed 200 OK in 887ms (Views: 856.3ms)


Started GET "/" for 127.0.0.1 at 2018-01-28 14:20:41 -0500
Processing by HomeController#index as HTML
  Rendering home/index.html.erb within layouts/application
  Rendered home/index.html.erb within layouts/application (1.0ms)
  Rendered shared/_navbar.html.erb (0.0ms)
Completed 200 OK in 804ms (Views: 769.7ms)


Started GET "/" for 127.0.0.1 at 2018-01-28 14:21:04 -0500
Processing by HomeController#index as HTML
  Rendering home/index.html.erb within layouts/application
  Rendered home/index.html.erb within layouts/application (0.0ms)
  Rendered shared/_navbar.html.erb (1.0ms)
Completed 200 OK in 667ms (Views: 629.7ms)


Started GET "/" for 127.0.0.1 at 2018-01-28 14:21:21 -0500
Processing by HomeController#index as HTML
  Rendering home/index.html.erb within layouts/application
  Rendered home/index.html.erb within layouts/application (1.0ms)
  Rendered shared/_navbar.html.erb (0.0ms)
Completed 200 OK in 735ms (Views: 699.0ms)


Started GET "/" for 127.0.0.1 at 2018-01-28 14:21:37 -0500
Processing by HomeController#index as HTML
  Rendering home/index.html.erb within layouts/application
  Rendered home/index.html.erb within layouts/application (1.0ms)
  Rendered shared/_navbar.html.erb (1.0ms)
Completed 200 OK in 4051ms (Views: 4015.6ms)


Started GET "/" for 127.0.0.1 at 2018-01-28 14:21:56 -0500
Processing by HomeController#index as HTML
  Rendering home/index.html.erb within layouts/application
  Rendered home/index.html.erb within layouts/application (1.0ms)
  Rendered shared/_navbar.html.erb (0.0ms)
Completed 200 OK in 770ms (Views: 741.5ms)


Started GET "/" for 127.0.0.1 at 2018-01-28 14:22:26 -0500
Processing by HomeController#index as HTML
  Rendering home/index.html.erb within layouts/application
  Rendered home/index.html.erb within layouts/application (1.0ms)
  Rendered shared/_navbar.html.erb (0.0ms)
Completed 200 OK in 798ms (Views: 760.4ms)


Started GET "/" for 127.0.0.1 at 2018-01-28 14:23:17 -0500
Processing by HomeController#index as HTML
  Rendering home/index.html.erb within layouts/application
  Rendered home/index.html.erb within layouts/application (0.0ms)
  Rendered shared/_navbar.html.erb (3.0ms)
Completed 200 OK in 748ms (Views: 714.0ms)


Started GET "/" for 127.0.0.1 at 2018-01-28 14:24:25 -0500
Processing by HomeController#index as HTML
  Rendering home/index.html.erb within layouts/application
  Rendered home/index.html.erb within layouts/application (1.0ms)
  Rendered shared/_navbar.html.erb (1.0ms)
Completed 200 OK in 678ms (Views: 642.7ms)


Started GET "/" for 127.0.0.1 at 2018-01-28 14:24:43 -0500
Processing by HomeController#index as HTML
  Rendering home/index.html.erb within layouts/application
  Rendered home/index.html.erb within layouts/application (1.0ms)
  Rendered shared/_navbar.html.erb (1.0ms)
Completed 200 OK in 767ms (Views: 730.9ms)


Started GET "/" for 127.0.0.1 at 2018-01-28 14:24:50 -0500
Processing by HomeController#index as HTML
  Rendering home/index.html.erb within layouts/application
  Rendered home/index.html.erb within layouts/application (1.0ms)
  Rendered shared/_navbar.html.erb (0.0ms)
Completed 200 OK in 754ms (Views: 716.5ms)


Started GET "/" for 127.0.0.1 at 2018-01-28 14:25:25 -0500
Processing by HomeController#index as HTML
  Rendering home/index.html.erb within layouts/application
  Rendered home/index.html.erb within layouts/application (1.0ms)
  Rendered shared/_navbar.html.erb (1.0ms)
Completed 200 OK in 806ms (Views: 768.0ms)


Started GET "/" for 127.0.0.1 at 2018-01-28 14:26:22 -0500
Processing by HomeController#index as HTML
  Rendering home/index.html.erb within layouts/application
  Rendered home/index.html.erb within layouts/application (1.0ms)
  Rendered shared/_navbar.html.erb (1.0ms)
Completed 200 OK in 3879ms (Views: 3847.8ms)


Started GET "/" for 127.0.0.1 at 2018-01-28 14:26:57 -0500
Processing by HomeController#index as HTML
  Rendering home/index.html.erb within layouts/application
  Rendered home/index.html.erb within layouts/application (1.0ms)
  Rendered shared/_navbar.html.erb (1.0ms)
Completed 200 OK in 4178ms (Views: 4144.4ms)


Started GET "/" for 127.0.0.1 at 2018-01-28 14:27:14 -0500
Processing by HomeController#index as HTML
  Rendering home/index.html.erb within layouts/application
  Rendered home/index.html.erb within layouts/application (0.0ms)
  Rendered shared/_navbar.html.erb (1.0ms)
Completed 200 OK in 4182ms (Views: 4146.3ms)


Started GET "/" for 127.0.0.1 at 2018-01-28 14:28:10 -0500
Processing by HomeController#index as HTML
  Rendering home/index.html.erb within layouts/application
  Rendered home/index.html.erb within layouts/application (1.0ms)
  Rendered shared/_navbar.html.erb (1.0ms)
Completed 200 OK in 772ms (Views: 735.4ms)


Started GET "/" for 127.0.0.1 at 2018-01-28 14:29:21 -0500
Processing by HomeController#index as HTML
  Rendering home/index.html.erb within layouts/application
  Rendered home/index.html.erb within layouts/application (1.0ms)
  Rendered shared/_navbar.html.erb (1.0ms)
Completed 200 OK in 796ms (Views: 761.7ms)


Started GET "/" for 127.0.0.1 at 2018-01-28 14:29:25 -0500
Processing by HomeController#index as HTML
  Rendering home/index.html.erb within layouts/application
  Rendered home/index.html.erb within layouts/application (0.0ms)
  Rendered shared/_navbar.html.erb (1.0ms)
Completed 200 OK in 681ms (Views: 651.3ms)


Started GET "/" for 127.0.0.1 at 2018-01-28 14:39:16 -0500

NoMethodError - undefined method `devise' for User (call 'User.connection' to establish a connection):Class:
  app/models/user.rb:4:in `<class:User>'
  app/models/user.rb:1:in `<top (required)>'
  config/routes.rb:2:in `block in <top (required)>'
  config/routes.rb:1:in `<top (required)>'

Started POST "/__better_errors/c7b37aa696474ebc/variables" for 127.0.0.1 at 2018-01-28 14:39:17 -0500
Started GET "/" for 127.0.0.1 at 2018-01-28 14:39:46 -0500

ActiveRecord::PendingMigrationError - Migrations are pending. To resolve this issue, run:

        bin/rails db:migrate RAILS_ENV=development

:

Started POST "/__better_errors/b128740fef75c92b/variables" for 127.0.0.1 at 2018-01-28 14:39:46 -0500
  [1m[35m (0.0ms)[0m  [1m[34mSELECT sqlite_version(*)[0m
  [1m[35m (77.1ms)[0m  [1m[35mCREATE TABLE "schema_migrations" ("version" varchar NOT NULL PRIMARY KEY)[0m
  [1m[35m (97.1ms)[0m  [1m[35mCREATE TABLE "ar_internal_metadata" ("key" varchar NOT NULL PRIMARY KEY, "value" varchar, "created_at" datetime NOT NULL, "updated_at" datetime NOT NULL)[0m
  [1m[35m (1.0ms)[0m  [1m[34mSELECT "schema_migrations"."version" FROM "schema_migrations" ORDER BY "schema_migrations"."version" ASC[0m
Migrating to DeviseCreateUsers (20180128193310)
  [1m[35m (0.0ms)[0m  [1m[36mbegin transaction[0m
  [1m[35m (3.0ms)[0m  [1m[35mCREATE TABLE "users" ("id" INTEGER PRIMARY KEY AUTOINCREMENT NOT NULL, "email" varchar DEFAULT '' NOT NULL, "encrypted_password" varchar DEFAULT '' NOT NULL, "reset_password_token" varchar, "reset_password_sent_at" datetime, "remember_created_at" datetime, "sign_in_count" integer DEFAULT 0 NOT NULL, "current_sign_in_at" datetime, "last_sign_in_at" datetime, "current_sign_in_ip" varchar, "last_sign_in_ip" varchar, "created_at" datetime NOT NULL, "updated_at" datetime NOT NULL)[0m
  [1m[35m (2.0ms)[0m  [1m[35mCREATE UNIQUE INDEX "index_users_on_email" ON "users" ("email")[0m
  [1m[35m (1.0ms)[0m  [1m[34m            SELECT sql
            FROM sqlite_master
            WHERE name='index_users_on_email' AND type='index'
            UNION ALL
            SELECT sql
            FROM sqlite_temp_master
            WHERE name='index_users_on_email' AND type='index'
[0m
  [1m[35m (1.0ms)[0m  [1m[35mCREATE UNIQUE INDEX "index_users_on_reset_password_token" ON "users" ("reset_password_token")[0m
  [1m[35mSQL (1.0ms)[0m  [1m[32mINSERT INTO "schema_migrations" ("version") VALUES (?)[0m  [["version", "20180128193310"]]
  [1m[35m (87.1ms)[0m  [1m[36mcommit transaction[0m
  [1m[36mActiveRecord::InternalMetadata Load (1.0ms)[0m  [1m[34mSELECT  "ar_internal_metadata".* FROM "ar_internal_metadata" WHERE "ar_internal_metadata"."key" = ? LIMIT ?[0m  [["key", "environment"], ["LIMIT", 1]]
  [1m[35m (0.0ms)[0m  [1m[36mbegin transaction[0m
  [1m[35mSQL (20.9ms)[0m  [1m[32mINSERT INTO "ar_internal_metadata" ("key", "value", "created_at", "updated_at") VALUES (?, ?, ?, ?)[0m  [["key", "environment"], ["value", "development"], ["created_at", "2018-01-28 19:40:08.249644"], ["updated_at", "2018-01-28 19:40:08.249644"]]
  [1m[35m (89.1ms)[0m  [1m[36mcommit transaction[0m
  [1m[35m (0.0ms)[0m  [1m[34mSELECT "schema_migrations"."version" FROM "schema_migrations" ORDER BY "schema_migrations"."version" ASC[0m
  [1m[35m (1.0ms)[0m  [1m[34m            SELECT sql
            FROM sqlite_master
            WHERE name='index_users_on_reset_password_token' AND type='index'
            UNION ALL
            SELECT sql
            FROM sqlite_temp_master
            WHERE name='index_users_on_reset_password_token' AND type='index'
[0m
  [1m[35m (0.0ms)[0m  [1m[34m            SELECT sql
            FROM sqlite_master
            WHERE name='index_users_on_email' AND type='index'
            UNION ALL
            SELECT sql
            FROM sqlite_temp_master
            WHERE name='index_users_on_email' AND type='index'
[0m
  [1m[35m (0.0ms)[0m  [1m[34mSELECT "schema_migrations"."version" FROM "schema_migrations" ORDER BY "schema_migrations"."version" ASC[0m
  [1m[35m (1.0ms)[0m  [1m[34mSELECT "schema_migrations"."version" FROM "schema_migrations" ORDER BY "schema_migrations"."version" ASC[0m
Migrating to DeviseCreateUsers (20180128193310)
  [1m[35m (0.0ms)[0m  [1m[36mbegin transaction[0m
  [1m[35m (1.0ms)[0m  [1m[34m            SELECT sql
            FROM sqlite_master
            WHERE name='index_users_on_reset_password_token' AND type='index'
            UNION ALL
            SELECT sql
            FROM sqlite_temp_master
            WHERE name='index_users_on_reset_password_token' AND type='index'
[0m
  [1m[35m (0.0ms)[0m  [1m[34m            SELECT sql
            FROM sqlite_master
            WHERE name='index_users_on_email' AND type='index'
            UNION ALL
            SELECT sql
            FROM sqlite_temp_master
            WHERE name='index_users_on_email' AND type='index'
[0m
  [1m[35m (0.0ms)[0m  [1m[31mrollback transaction[0m
  [1m[35m (1.0ms)[0m  [1m[34mSELECT "schema_migrations"."version" FROM "schema_migrations" ORDER BY "schema_migrations"."version" ASC[0m
Migrating to DeviseCreateUsers (20180128193310)
  [1m[35m (0.0ms)[0m  [1m[36mbegin transaction[0m
  [1m[35m (0.0ms)[0m  [1m[34m            SELECT sql
            FROM sqlite_master
            WHERE name='index_users_on_reset_password_token' AND type='index'
            UNION ALL
            SELECT sql
            FROM sqlite_temp_master
            WHERE name='index_users_on_reset_password_token' AND type='index'
[0m
  [1m[35m (0.0ms)[0m  [1m[34m            SELECT sql
            FROM sqlite_master
            WHERE name='index_users_on_email' AND type='index'
            UNION ALL
            SELECT sql
            FROM sqlite_temp_master
            WHERE name='index_users_on_email' AND type='index'
[0m
  [1m[35m (3.0ms)[0m  [1m[35mDROP INDEX "index_users_on_reset_password_token"[0m
  [1m[35m (0.0ms)[0m  [1m[34m            SELECT sql
            FROM sqlite_master
            WHERE name='index_users_on_email' AND type='index'
            UNION ALL
            SELECT sql
            FROM sqlite_temp_master
            WHERE name='index_users_on_email' AND type='index'
[0m
  [1m[35m (1.0ms)[0m  [1m[35mDROP INDEX "index_users_on_email"[0m
  [1m[35m (1.0ms)[0m  [1m[35mDROP TABLE "users"[0m
  [1m[35mSQL (1.0ms)[0m  [1m[31mDELETE FROM "schema_migrations" WHERE "schema_migrations"."version" = ?[0m  [["version", "20180128193310"]]
  [1m[35m (172.3ms)[0m  [1m[36mcommit transaction[0m
  [1m[35m (1.0ms)[0m  [1m[34mSELECT "schema_migrations"."version" FROM "schema_migrations" ORDER BY "schema_migrations"."version" ASC[0m
  [1m[35m (1.0ms)[0m  [1m[34mSELECT "schema_migrations"."version" FROM "schema_migrations" ORDER BY "schema_migrations"."version" ASC[0m
Migrating to DeviseCreateUsers (20180128193310)
  [1m[35m (0.0ms)[0m  [1m[36mbegin transaction[0m
  [1m[35m (0.0ms)[0m  [1m[34mSELECT sqlite_version(*)[0m
  [1m[35m (3.0ms)[0m  [1m[35mCREATE TABLE "users" ("id" INTEGER PRIMARY KEY AUTOINCREMENT NOT NULL, "email" varchar DEFAULT '' NOT NULL, "encrypted_password" varchar DEFAULT '' NOT NULL, "reset_password_token" varchar, "reset_password_sent_at" datetime, "remember_created_at" datetime, "sign_in_count" integer DEFAULT 0 NOT NULL, "current_sign_in_at" datetime, "last_sign_in_at" datetime, "current_sign_in_ip" varchar, "last_sign_in_ip" varchar, "confirmation_token" varchar, "confirmed_at" datetime, "confirmation_sent_at" datetime, "unconfirmed_email" varchar, "failed_attempts" integer DEFAULT 0 NOT NULL, "unlock_token" varchar, "locked_at" datetime, "created_at" datetime NOT NULL, "updated_at" datetime NOT NULL)[0m
  [1m[35m (1.0ms)[0m  [1m[35mCREATE UNIQUE INDEX "index_users_on_email" ON "users" ("email")[0m
  [1m[35m (0.0ms)[0m  [1m[34m            SELECT sql
            FROM sqlite_master
            WHERE name='index_users_on_email' AND type='index'
            UNION ALL
            SELECT sql
            FROM sqlite_temp_master
            WHERE name='index_users_on_email' AND type='index'
[0m
  [1m[35m (1.0ms)[0m  [1m[35mCREATE UNIQUE INDEX "index_users_on_reset_password_token" ON "users" ("reset_password_token")[0m
  [1m[35m (1.0ms)[0m  [1m[34m            SELECT sql
            FROM sqlite_master
            WHERE name='index_users_on_reset_password_token' AND type='index'
            UNION ALL
            SELECT sql
            FROM sqlite_temp_master
            WHERE name='index_users_on_reset_password_token' AND type='index'
[0m
  [1m[35m (0.0ms)[0m  [1m[34m            SELECT sql
            FROM sqlite_master
            WHERE name='index_users_on_email' AND type='index'
            UNION ALL
            SELECT sql
            FROM sqlite_temp_master
            WHERE name='index_users_on_email' AND type='index'
[0m
  [1m[35m (0.0ms)[0m  [1m[35mCREATE UNIQUE INDEX "index_users_on_confirmation_token" ON "users" ("confirmation_token")[0m
  [1m[35m (0.0ms)[0m  [1m[34m            SELECT sql
            FROM sqlite_master
            WHERE name='index_users_on_confirmation_token' AND type='index'
            UNION ALL
            SELECT sql
            FROM sqlite_temp_master
            WHERE name='index_users_on_confirmation_token' AND type='index'
[0m
  [1m[35m (0.0ms)[0m  [1m[34m            SELECT sql
            FROM sqlite_master
            WHERE name='index_users_on_reset_password_token' AND type='index'
            UNION ALL
            SELECT sql
            FROM sqlite_temp_master
            WHERE name='index_users_on_reset_password_token' AND type='index'
[0m
  [1m[35m (0.0ms)[0m  [1m[34m            SELECT sql
            FROM sqlite_master
            WHERE name='index_users_on_email' AND type='index'
            UNION ALL
            SELECT sql
            FROM sqlite_temp_master
            WHERE name='index_users_on_email' AND type='index'
[0m
  [1m[35m (0.0ms)[0m  [1m[35mCREATE UNIQUE INDEX "index_users_on_unlock_token" ON "users" ("unlock_token")[0m
  [1m[35mSQL (4.0ms)[0m  [1m[32mINSERT INTO "schema_migrations" ("version") VALUES (?)[0m  [["version", "20180128193310"]]
  [1m[35m (90.1ms)[0m  [1m[36mcommit transaction[0m
Migrating to CreateCats (20180128194217)
  [1m[35m (1.0ms)[0m  [1m[36mbegin transaction[0m
  [1m[35m (3.0ms)[0m  [1m[35mCREATE TABLE "cats" ("id" INTEGER PRIMARY KEY AUTOINCREMENT NOT NULL, "name" varchar NOT NULL, "age" varchar, "breed" varchar, "bio" varchar, "image" varchar NOT NULL)[0m
  [1m[35mSQL (1.0ms)[0m  [1m[32mINSERT INTO "schema_migrations" ("version") VALUES (?)[0m  [["version", "20180128194217"]]
  [1m[35m (65.1ms)[0m  [1m[36mcommit transaction[0m
  [1m[36mActiveRecord::InternalMetadata Load (0.0ms)[0m  [1m[34mSELECT  "ar_internal_metadata".* FROM "ar_internal_metadata" WHERE "ar_internal_metadata"."key" = ? LIMIT ?[0m  [["key", "environment"], ["LIMIT", 1]]
  [1m[35m (0.0ms)[0m  [1m[36mbegin transaction[0m
  [1m[35m (0.0ms)[0m  [1m[36mcommit transaction[0m
  [1m[35m (1.0ms)[0m  [1m[34mSELECT "schema_migrations"."version" FROM "schema_migrations" ORDER BY "schema_migrations"."version" ASC[0m
  [1m[35m (0.0ms)[0m  [1m[34m            SELECT sql
            FROM sqlite_master
            WHERE name='index_users_on_unlock_token' AND type='index'
            UNION ALL
            SELECT sql
            FROM sqlite_temp_master
            WHERE name='index_users_on_unlock_token' AND type='index'
[0m
  [1m[35m (1.0ms)[0m  [1m[34m            SELECT sql
            FROM sqlite_master
            WHERE name='index_users_on_confirmation_token' AND type='index'
            UNION ALL
            SELECT sql
            FROM sqlite_temp_master
            WHERE name='index_users_on_confirmation_token' AND type='index'
[0m
  [1m[35m (1.0ms)[0m  [1m[34m            SELECT sql
            FROM sqlite_master
            WHERE name='index_users_on_reset_password_token' AND type='index'
            UNION ALL
            SELECT sql
            FROM sqlite_temp_master
            WHERE name='index_users_on_reset_password_token' AND type='index'
[0m
  [1m[35m (1.0ms)[0m  [1m[34m            SELECT sql
            FROM sqlite_master
            WHERE name='index_users_on_email' AND type='index'
            UNION ALL
            SELECT sql
            FROM sqlite_temp_master
            WHERE name='index_users_on_email' AND type='index'
[0m
  [1m[35m (0.0ms)[0m  [1m[34mSELECT "schema_migrations"."version" FROM "schema_migrations" ORDER BY "schema_migrations"."version" ASC[0m
Migrating to CreateVotes (20180128194849)
  [1m[35m (0.0ms)[0m  [1m[36mbegin transaction[0m
  [1m[35m (0.0ms)[0m  [1m[34mSELECT sqlite_version(*)[0m
  [1m[35m (2.0ms)[0m  [1m[35mCREATE TABLE "votes" ("id" INTEGER PRIMARY KEY AUTOINCREMENT NOT NULL, "cat_id" integer NOT NULL, "user_id" integer NOT NULL, "rating" integer NOT NULL, CONSTRAINT "fk_rails_3f23c4bac0"
FOREIGN KEY ("cat_id")
  REFERENCES "cats" ("id")
, CONSTRAINT "fk_rails_c9b3bef597"
FOREIGN KEY ("user_id")
  REFERENCES "users" ("id")
)[0m
  [1m[35m (1.0ms)[0m  [1m[35mCREATE  INDEX "index_votes_on_cat_id" ON "votes" ("cat_id")[0m
  [1m[35m (0.0ms)[0m  [1m[34m            SELECT sql
            FROM sqlite_master
            WHERE name='index_votes_on_cat_id' AND type='index'
            UNION ALL
            SELECT sql
            FROM sqlite_temp_master
            WHERE name='index_votes_on_cat_id' AND type='index'
[0m
  [1m[35m (0.0ms)[0m  [1m[35mCREATE  INDEX "index_votes_on_user_id" ON "votes" ("user_id")[0m
  [1m[35mSQL (1.0ms)[0m  [1m[32mINSERT INTO "schema_migrations" ("version") VALUES (?)[0m  [["version", "20180128194849"]]
  [1m[35m (182.3ms)[0m  [1m[36mcommit transaction[0m
  [1m[36mActiveRecord::InternalMetadata Load (0.0ms)[0m  [1m[34mSELECT  "ar_internal_metadata".* FROM "ar_internal_metadata" WHERE "ar_internal_metadata"."key" = ? LIMIT ?[0m  [["key", "environment"], ["LIMIT", 1]]
  [1m[35m (0.0ms)[0m  [1m[36mbegin transaction[0m
  [1m[35m (0.0ms)[0m  [1m[36mcommit transaction[0m
  [1m[35m (0.0ms)[0m  [1m[34mSELECT "schema_migrations"."version" FROM "schema_migrations" ORDER BY "schema_migrations"."version" ASC[0m
  [1m[35m (0.0ms)[0m  [1m[34m            SELECT sql
            FROM sqlite_master
            WHERE name='index_users_on_unlock_token' AND type='index'
            UNION ALL
            SELECT sql
            FROM sqlite_temp_master
            WHERE name='index_users_on_unlock_token' AND type='index'
[0m
  [1m[35m (0.0ms)[0m  [1m[34m            SELECT sql
            FROM sqlite_master
            WHERE name='index_users_on_confirmation_token' AND type='index'
            UNION ALL
            SELECT sql
            FROM sqlite_temp_master
            WHERE name='index_users_on_confirmation_token' AND type='index'
[0m
  [1m[35m (0.0ms)[0m  [1m[34m            SELECT sql
            FROM sqlite_master
            WHERE name='index_users_on_reset_password_token' AND type='index'
            UNION ALL
            SELECT sql
            FROM sqlite_temp_master
            WHERE name='index_users_on_reset_password_token' AND type='index'
[0m
  [1m[35m (0.0ms)[0m  [1m[34m            SELECT sql
            FROM sqlite_master
            WHERE name='index_users_on_email' AND type='index'
            UNION ALL
            SELECT sql
            FROM sqlite_temp_master
            WHERE name='index_users_on_email' AND type='index'
[0m
  [1m[35m (0.0ms)[0m  [1m[34m            SELECT sql
            FROM sqlite_master
            WHERE name='index_votes_on_user_id' AND type='index'
            UNION ALL
            SELECT sql
            FROM sqlite_temp_master
            WHERE name='index_votes_on_user_id' AND type='index'
[0m
  [1m[35m (0.0ms)[0m  [1m[34m            SELECT sql
            FROM sqlite_master
            WHERE name='index_votes_on_cat_id' AND type='index'
            UNION ALL
            SELECT sql
            FROM sqlite_temp_master
            WHERE name='index_votes_on_cat_id' AND type='index'
[0m
Started GET "/" for 127.0.0.1 at 2018-01-28 14:59:39 -0500
  [1m[35m (0.0ms)[0m  [1m[34mSELECT "schema_migrations"."version" FROM "schema_migrations" ORDER BY "schema_migrations"."version" ASC[0m
Processing by HomeController#index as HTML
  Rendering home/index.html.erb within layouts/application
  Rendered home/index.html.erb within layouts/application (11.0ms)
  Rendered shared/_navbar.html.erb (5.0ms)
Completed 200 OK in 5820ms (Views: 5772.1ms | ActiveRecord: 0.0ms)


Started GET "/users/sign_up" for 127.0.0.1 at 2018-01-28 15:00:58 -0500
Processing by DeviseInvitable::RegistrationsController#new as HTML
  Rendering devise/registrations/new.html.erb within layouts/application
  Rendered devise/shared/_links.html.erb (5.0ms)
  Rendered devise/registrations/new.html.erb within layouts/application (470.7ms)
  Rendered shared/_navbar.html.erb (2.0ms)
Completed 200 OK in 1631ms (Views: 1597.7ms | ActiveRecord: 2.0ms)


Started GET "/users/sign_up" for 127.0.0.1 at 2018-01-28 15:01:05 -0500
Processing by DeviseInvitable::RegistrationsController#new as HTML
  Rendering devise/registrations/new.html.erb within layouts/application
  Rendered devise/shared/_links.html.erb (1.0ms)
  Rendered devise/registrations/new.html.erb within layouts/application (44.1ms)
  Rendered shared/_navbar.html.erb (1.0ms)
Completed 200 OK in 1191ms (Views: 1189.6ms | ActiveRecord: 0.0ms)


Started GET "/" for 127.0.0.1 at 2018-01-28 15:02:23 -0500
Processing by HomeController#index as HTML
  Rendering home/index.html.erb within layouts/application
  Rendered home/index.html.erb within layouts/application (0.0ms)
  Rendered shared/_navbar.html.erb (1.0ms)
Completed 200 OK in 752ms (Views: 717.3ms | ActiveRecord: 0.0ms)


Started GET "/users/sign_up" for 127.0.0.1 at 2018-01-28 15:02:25 -0500
Processing by DeviseInvitable::RegistrationsController#new as HTML
  Rendering devise/registrations/new.html.erb within layouts/application
  Rendered devise/shared/_links.html.erb (2.0ms)
  Rendered devise/registrations/new.html.erb within layouts/application (34.1ms)
  Rendered shared/_navbar.html.erb (2.0ms)
Completed 200 OK in 1007ms (Views: 1005.0ms | ActiveRecord: 0.0ms)


Started GET "/users/sign_in" for 127.0.0.1 at 2018-01-28 15:02:28 -0500
Processing by Devise::SessionsController#new as HTML
  Rendering devise/sessions/new.html.erb within layouts/application
  Rendered devise/shared/_links.html.erb (2.0ms)
  Rendered devise/sessions/new.html.erb within layouts/application (97.1ms)
  Rendered shared/_navbar.html.erb (1.0ms)
Completed 200 OK in 894ms (Views: 892.5ms | ActiveRecord: 0.0ms)


Started GET "/users/sign_up" for 127.0.0.1 at 2018-01-28 15:02:35 -0500
Processing by DeviseInvitable::RegistrationsController#new as HTML
  Rendering devise/registrations/new.html.erb within layouts/application
  Rendered devise/shared/_links.html.erb (2.0ms)
  Rendered devise/registrations/new.html.erb within layouts/application (40.1ms)
  Rendered shared/_navbar.html.erb (2.0ms)
Completed 200 OK in 1102ms (Views: 1100.2ms | ActiveRecord: 0.0ms)


Started GET "/" for 127.0.0.1 at 2018-01-28 15:03:31 -0500
Processing by HomeController#index as HTML
  Rendering home/index.html.erb within layouts/application
  Rendered home/index.html.erb within layouts/application (1.0ms)
Started GET "/users/sign_up" for 127.0.0.1 at 2018-01-28 15:03:35 -0500
Processing by DeviseInvitable::RegistrationsController#new as HTML
  Rendering devise/registrations/new.html.erb within layouts/application
  Rendered devise/shared/_links.html.erb (1.0ms)
  Rendered devise/registrations/new.html.erb within layouts/application (71.1ms)
  Rendered shared/_navbar.html.erb (2.0ms)
Completed 200 OK in 7268ms (Views: 7232.6ms | ActiveRecord: 0.0ms)


  Rendered shared/_navbar.html.erb (2.0ms)
Completed 200 OK in 3304ms (Views: 3292.9ms | ActiveRecord: 0.0ms)


Started GET "/users/sign_up" for 127.0.0.1 at 2018-01-28 15:03:39 -0500
Processing by DeviseInvitable::RegistrationsController#new as HTML
  Rendering devise/registrations/new.html.erb within layouts/application
  Rendered devise/shared/_links.html.erb (2.0ms)
  Rendered devise/registrations/new.html.erb within layouts/application (46.1ms)
  Rendered shared/_navbar.html.erb (1.0ms)
Completed 200 OK in 1138ms (Views: 1133.4ms | ActiveRecord: 0.0ms)


Started GET "/users/sign_up" for 127.0.0.1 at 2018-01-28 15:03:47 -0500
Processing by DeviseInvitable::RegistrationsController#new as HTML
  Rendering devise/registrations/new.html.erb within layouts/application
  Rendered devise/shared/_links.html.erb (2.0ms)
  Rendered devise/registrations/new.html.erb within layouts/application (39.1ms)
  Rendered shared/_navbar.html.erb (1.0ms)
Completed 200 OK in 4643ms (Views: 4642.1ms | ActiveRecord: 0.0ms)


Started GET "/users/sign_up" for 127.0.0.1 at 2018-01-28 15:05:44 -0500
Processing by DeviseInvitable::RegistrationsController#new as HTML
  Rendering devise/registrations/new.html.erb within layouts/application
  Rendered devise/shared/_links.html.erb (2.0ms)
  Rendered devise/registrations/new.html.erb within layouts/application (42.1ms)
  Rendered shared/_navbar.html.erb (2.0ms)
Completed 200 OK in 4651ms (Views: 4649.3ms | ActiveRecord: 0.0ms)


Started GET "/users/sign_up" for 127.0.0.1 at 2018-01-28 15:06:03 -0500
Processing by DeviseInvitable::RegistrationsController#new as HTML
  Rendering devise/registrations/new.html.erb within layouts/application
  Rendered devise/shared/_links.html.erb (2.0ms)
  Rendered devise/registrations/new.html.erb within layouts/application (43.1ms)
  Rendered shared/_navbar.html.erb (1.0ms)
Completed 200 OK in 4589ms (Views: 4587.8ms | ActiveRecord: 0.0ms)


Started GET "/users/sign_up" for 127.0.0.1 at 2018-01-28 15:06:23 -0500
Processing by DeviseInvitable::RegistrationsController#new as HTML
  Rendering devise/registrations/new.html.erb within layouts/application
  Rendered devise/shared/_links.html.erb (2.0ms)
  Rendered devise/registrations/new.html.erb within layouts/application (45.1ms)
  Rendered shared/_navbar.html.erb (3.0ms)
Completed 200 OK in 1297ms (Views: 1294.9ms | ActiveRecord: 0.0ms)


Started GET "/users/sign_up" for 127.0.0.1 at 2018-01-28 15:06:54 -0500
Processing by DeviseInvitable::RegistrationsController#new as HTML
  Rendering devise/registrations/new.html.erb within layouts/application
  Rendered devise/shared/_links.html.erb (1.0ms)
  Rendered devise/registrations/new.html.erb within layouts/application (42.1ms)
  Rendered shared/_navbar.html.erb (2.0ms)
Completed 200 OK in 1365ms (Views: 1362.7ms | ActiveRecord: 0.0ms)


Started GET "/users/sign_up" for 127.0.0.1 at 2018-01-28 15:06:57 -0500
Processing by DeviseInvitable::RegistrationsController#new as HTML
  Rendering devise/registrations/new.html.erb within layouts/application
  Rendered devise/shared/_links.html.erb (1.0ms)
  Rendered devise/registrations/new.html.erb within layouts/application (37.1ms)
  Rendered shared/_navbar.html.erb (2.0ms)
Completed 200 OK in 1210ms (Views: 1207.7ms | ActiveRecord: 0.0ms)


Started GET "/users/sign_up" for 127.0.0.1 at 2018-01-28 15:08:10 -0500
Processing by DeviseInvitable::RegistrationsController#new as HTML
  Rendering devise/registrations/new.html.erb within layouts/application
  Rendered devise/shared/_links.html.erb (2.0ms)
  Rendered devise/registrations/new.html.erb within layouts/application (41.1ms)
  Rendered shared/_navbar.html.erb (2.0ms)
Completed 200 OK in 1346ms (Views: 1345.2ms | ActiveRecord: 0.0ms)


Started GET "/users/sign_up" for 127.0.0.1 at 2018-01-28 15:08:38 -0500
Processing by DeviseInvitable::RegistrationsController#new as HTML
  Rendering devise/registrations/new.html.erb within layouts/application
  Rendered devise/shared/_links.html.erb (2.0ms)
  Rendered devise/registrations/new.html.erb within layouts/application (47.1ms)
  Rendered shared/_navbar.html.erb (1.0ms)
Completed 200 OK in 4588ms (Views: 4586.5ms | ActiveRecord: 0.0ms)


Started GET "/users/sign_up" for 127.0.0.1 at 2018-01-28 15:09:06 -0500
Processing by DeviseInvitable::RegistrationsController#new as HTML
  Rendering devise/registrations/new.html.erb within layouts/application
  Rendered devise/shared/_links.html.erb (1.0ms)
  Rendered devise/registrations/new.html.erb within layouts/application (42.1ms)
  Rendered shared/_navbar.html.erb (2.0ms)
Completed 200 OK in 1459ms (Views: 1456.0ms | ActiveRecord: 0.0ms)


Started GET "/users/sign_up" for 127.0.0.1 at 2018-01-28 15:10:22 -0500
Processing by DeviseInvitable::RegistrationsController#new as HTML
  Rendering devise/registrations/new.html.erb within layouts/application
  Rendered devise/shared/_links.html.erb (2.0ms)
  Rendered devise/registrations/new.html.erb within layouts/application (43.1ms)
  Rendered shared/_navbar.html.erb (1.0ms)
Completed 200 OK in 4350ms (Views: 4347.7ms | ActiveRecord: 0.0ms)


Started GET "/users/sign_up" for 127.0.0.1 at 2018-01-28 15:10:44 -0500
Processing by DeviseInvitable::RegistrationsController#new as HTML
  Rendering devise/registrations/new.html.erb within layouts/application
  Rendered devise/shared/_links.html.erb (1.9ms)
  Rendered devise/registrations/new.html.erb within layouts/application (41.1ms)
  Rendered shared/_navbar.html.erb (2.0ms)
Completed 200 OK in 1213ms (Views: 1210.7ms | ActiveRecord: 0.0ms)


Started GET "/users/sign_up" for 127.0.0.1 at 2018-01-28 15:11:26 -0500
Processing by DeviseInvitable::RegistrationsController#new as HTML
  Rendering devise/registrations/new.html.erb within layouts/application
  Rendered devise/shared/_links.html.erb (1.0ms)
  Rendered devise/registrations/new.html.erb within layouts/application (43.1ms)
  Rendered shared/_navbar.html.erb (2.0ms)
Completed 200 OK in 4343ms (Views: 4341.5ms | ActiveRecord: 0.0ms)


Started GET "/users/sign_up" for 127.0.0.1 at 2018-01-28 15:12:13 -0500
Processing by DeviseInvitable::RegistrationsController#new as HTML
  Rendering devise/registrations/new.html.erb within layouts/application
  Rendered devise/shared/_links.html.erb (3.0ms)
  Rendered devise/registrations/new.html.erb within layouts/application (48.1ms)
  Rendered shared/_navbar.html.erb (2.0ms)
Completed 200 OK in 1365ms (Views: 1364.2ms | ActiveRecord: 0.0ms)


Started GET "/users/sign_up" for 127.0.0.1 at 2018-01-28 15:12:31 -0500
Processing by DeviseInvitable::RegistrationsController#new as HTML
  Rendering devise/registrations/new.html.erb within layouts/application
  Rendered devise/shared/_links.html.erb (1.0ms)
  Rendered devise/registrations/new.html.erb within layouts/application (41.1ms)
  Rendered shared/_navbar.html.erb (2.0ms)
Completed 200 OK in 1306ms (Views: 1304.7ms | ActiveRecord: 0.0ms)


Started GET "/users/sign_up" for 127.0.0.1 at 2018-01-28 15:12:46 -0500
Processing by DeviseInvitable::RegistrationsController#new as HTML
  Rendering devise/registrations/new.html.erb within layouts/application
  Rendered devise/shared/_links.html.erb (2.0ms)
  Rendered devise/registrations/new.html.erb within layouts/application (41.1ms)
  Rendered shared/_navbar.html.erb (1.0ms)
Completed 200 OK in 1302ms (Views: 1299.8ms | ActiveRecord: 0.0ms)


Started GET "/users/sign_up" for 127.0.0.1 at 2018-01-28 15:13:15 -0500
Processing by DeviseInvitable::RegistrationsController#new as HTML
  Rendering devise/registrations/new.html.erb within layouts/application
  Rendered devise/shared/_links.html.erb (1.0ms)
  Rendered devise/registrations/new.html.erb within layouts/application (40.1ms)
  Rendered shared/_navbar.html.erb (1.0ms)
Completed 200 OK in 1507ms (Views: 1506.0ms | ActiveRecord: 0.0ms)


Started GET "/users/sign_up" for 127.0.0.1 at 2018-01-28 15:13:52 -0500
Processing by DeviseInvitable::RegistrationsController#new as HTML
  Rendering devise/registrations/new.html.erb within layouts/application
  Rendered devise/shared/_links.html.erb (12.0ms)
  Rendered devise/registrations/new.html.erb within layouts/application (59.1ms)
  Rendered shared/_navbar.html.erb (3.0ms)
Completed 200 OK in 1482ms (Views: 1481.2ms | ActiveRecord: 0.0ms)


Started GET "/users/sign_up" for 127.0.0.1 at 2018-01-28 15:14:01 -0500
Processing by DeviseInvitable::RegistrationsController#new as HTML
  Rendering devise/registrations/new.html.erb within layouts/application
  Rendered devise/shared/_links.html.erb (1.0ms)
  Rendered devise/registrations/new.html.erb within layouts/application (37.1ms)
  Rendered shared/_navbar.html.erb (1.0ms)
Completed 200 OK in 1142ms (Views: 1140.9ms | ActiveRecord: 0.0ms)


Started GET "/users/sign_up" for 127.0.0.1 at 2018-01-28 15:14:05 -0500
Processing by DeviseInvitable::RegistrationsController#new as HTML
  Rendering devise/registrations/new.html.erb within layouts/application
  Rendered devise/shared/_links.html.erb (2.0ms)
  Rendered devise/registrations/new.html.erb within layouts/application (38.0ms)
  Rendered shared/_navbar.html.erb (1.0ms)
Completed 200 OK in 1058ms (Views: 1055.9ms | ActiveRecord: 0.0ms)


Started GET "/users/sign_up" for 127.0.0.1 at 2018-01-28 15:14:34 -0500
Processing by DeviseInvitable::RegistrationsController#new as HTML
  Rendering devise/registrations/new.html.erb within layouts/application
  Rendered devise/shared/_links.html.erb (1.0ms)
  Rendered devise/registrations/new.html.erb within layouts/application (42.1ms)
  Rendered shared/_navbar.html.erb (2.0ms)
Completed 200 OK in 1345ms (Views: 1343.5ms | ActiveRecord: 0.0ms)


Started GET "/users/sign_up" for 127.0.0.1 at 2018-01-28 15:14:39 -0500
Processing by DeviseInvitable::RegistrationsController#new as HTML
  Rendering devise/registrations/new.html.erb within layouts/application
  Rendered devise/shared/_links.html.erb (1.0ms)
  Rendered devise/registrations/new.html.erb within layouts/application (36.0ms)
  Rendered shared/_navbar.html.erb (1.0ms)
Completed 200 OK in 1124ms (Views: 1122.2ms | ActiveRecord: 0.0ms)


Started GET "/users/sign_up" for 127.0.0.1 at 2018-01-28 15:14:54 -0500
Processing by DeviseInvitable::RegistrationsController#new as HTML
  Rendering devise/registrations/new.html.erb within layouts/application
  Rendered devise/shared/_links.html.erb (1.0ms)
  Rendered devise/registrations/new.html.erb within layouts/application (38.1ms)
  Rendered shared/_navbar.html.erb (1.0ms)
Completed 200 OK in 1187ms (Views: 1185.7ms | ActiveRecord: 0.0ms)


Started GET "/users/sign_up" for 127.0.0.1 at 2018-01-28 15:15:15 -0500
Processing by DeviseInvitable::RegistrationsController#new as HTML
  Rendering devise/registrations/new.html.erb within layouts/application
  Rendered devise/shared/_links.html.erb (2.0ms)
  Rendered devise/registrations/new.html.erb within layouts/application (36.1ms)
  Rendered shared/_navbar.html.erb (2.0ms)
Completed 200 OK in 3920ms (Views: 3918.2ms | ActiveRecord: 0.0ms)


Started GET "/users/sign_up" for 127.0.0.1 at 2018-01-28 15:15:25 -0500
Processing by DeviseInvitable::RegistrationsController#new as HTML
  Rendering devise/registrations/new.html.erb within layouts/application
  Rendered devise/shared/_links.html.erb (2.0ms)
  Rendered devise/registrations/new.html.erb within layouts/application (45.1ms)
  Rendered shared/_navbar.html.erb (1.0ms)
Completed 200 OK in 4754ms (Views: 4752.6ms | ActiveRecord: 0.0ms)


Started GET "/users/sign_up" for 127.0.0.1 at 2018-01-28 15:15:39 -0500
Processing by DeviseInvitable::RegistrationsController#new as HTML
  Rendering devise/registrations/new.html.erb within layouts/application
  Rendered devise/shared/_links.html.erb (2.0ms)
  Rendered devise/registrations/new.html.erb within layouts/application (46.1ms)
  Rendered shared/_navbar.html.erb (1.0ms)
Completed 200 OK in 6182ms (Views: 6180.2ms | ActiveRecord: 0.0ms)


Started GET "/users/sign_up" for 127.0.0.1 at 2018-01-28 15:15:54 -0500
Processing by DeviseInvitable::RegistrationsController#new as HTML
  Rendering devise/registrations/new.html.erb within layouts/application
  Rendered devise/shared/_links.html.erb (1.0ms)
  Rendered devise/registrations/new.html.erb within layouts/application (37.1ms)
  Rendered shared/_navbar.html.erb (1.0ms)
Completed 200 OK in 4485ms (Views: 4483.4ms | ActiveRecord: 0.0ms)


Started GET "/users/sign_up" for 127.0.0.1 at 2018-01-28 15:16:01 -0500
Processing by DeviseInvitable::RegistrationsController#new as HTML
  Rendering devise/registrations/new.html.erb within layouts/application
  Rendered devise/shared/_links.html.erb (2.0ms)
  Rendered devise/registrations/new.html.erb within layouts/application (40.1ms)
  Rendered shared/_navbar.html.erb (1.0ms)
Completed 200 OK in 1110ms (Views: 1108.4ms | ActiveRecord: 0.0ms)


Started GET "/users/sign_up" for 127.0.0.1 at 2018-01-28 15:16:12 -0500
Processing by DeviseInvitable::RegistrationsController#new as HTML
  Rendering devise/registrations/new.html.erb within layouts/application
  Rendered devise/shared/_links.html.erb (2.1ms)
  Rendered devise/registrations/new.html.erb within layouts/application (41.1ms)
  Rendered shared/_navbar.html.erb (2.0ms)
Completed 200 OK in 4364ms (Views: 4359.0ms | ActiveRecord: 0.0ms)


Started GET "/users/sign_up" for 127.0.0.1 at 2018-01-28 15:16:21 -0500
Processing by DeviseInvitable::RegistrationsController#new as HTML
  Rendering devise/registrations/new.html.erb within layouts/application
  Rendered devise/shared/_links.html.erb (1.0ms)
  Rendered devise/registrations/new.html.erb within layouts/application (42.1ms)
  Rendered shared/_navbar.html.erb (2.0ms)
Completed 200 OK in 4790ms (Views: 4789.0ms | ActiveRecord: 0.0ms)


Started GET "/users/sign_up" for 127.0.0.1 at 2018-01-28 15:17:07 -0500
Processing by DeviseInvitable::RegistrationsController#new as HTML
  Rendering devise/registrations/new.html.erb within layouts/application
  Rendered devise/shared/_links.html.erb (2.0ms)
  Rendered devise/registrations/new.html.erb within layouts/application (37.1ms)
  Rendered shared/_navbar.html.erb (2.0ms)
Completed 200 OK in 1208ms (Views: 1205.9ms | ActiveRecord: 0.0ms)


Started GET "/users/sign_up" for 127.0.0.1 at 2018-01-28 15:17:50 -0500
Processing by DeviseInvitable::RegistrationsController#new as HTML
  Rendering devise/registrations/new.html.erb within layouts/application
  Rendered devise/shared/_links.html.erb (1.0ms)
  Rendered devise/registrations/new.html.erb within layouts/application (40.1ms)
  Rendered shared/_navbar.html.erb (1.0ms)
Completed 200 OK in 1149ms (Views: 1147.6ms | ActiveRecord: 0.0ms)


Started GET "/users/sign_up" for 127.0.0.1 at 2018-01-28 15:17:56 -0500
Processing by DeviseInvitable::RegistrationsController#new as HTML
  Rendering devise/registrations/new.html.erb within layouts/application
  Rendered devise/shared/_links.html.erb (2.1ms)
  Rendered devise/registrations/new.html.erb within layouts/application (34.2ms)
  Rendered shared/_navbar.html.erb (1.0ms)
Completed 200 OK in 1052ms (Views: 1049.9ms | ActiveRecord: 0.0ms)


Started GET "/users/sign_up" for 127.0.0.1 at 2018-01-28 15:19:05 -0500
Processing by DeviseInvitable::RegistrationsController#new as HTML
  Rendering devise/registrations/new.html.erb within layouts/application
  Rendered devise/shared/_links.html.erb (3.0ms)
  Rendered devise/registrations/new.html.erb within layouts/application (35.0ms)
  Rendered shared/_navbar.html.erb (2.0ms)
Completed 200 OK in 4103ms (Views: 4100.7ms | ActiveRecord: 0.0ms)


Started GET "/users/sign_up" for 127.0.0.1 at 2018-01-28 15:19:13 -0500
Processing by DeviseInvitable::RegistrationsController#new as HTML
  Rendering devise/registrations/new.html.erb within layouts/application
  Rendered devise/shared/_links.html.erb (2.1ms)
  Rendered devise/registrations/new.html.erb within layouts/application (37.2ms)
  Rendered shared/_navbar.html.erb (0.9ms)
Completed 200 OK in 1077ms (Views: 1075.7ms | ActiveRecord: 0.0ms)


Started GET "/users/sign_up" for 127.0.0.1 at 2018-01-28 15:20:06 -0500
Processing by DeviseInvitable::RegistrationsController#new as HTML
  Rendering devise/registrations/new.html.erb within layouts/application
  Rendered devise/shared/_links.html.erb (2.0ms)
  Rendered devise/registrations/new.html.erb within layouts/application (41.1ms)
  Rendered shared/_navbar.html.erb (1.0ms)
Completed 200 OK in 1226ms (Views: 1224.4ms | ActiveRecord: 0.0ms)


Started GET "/users/sign_up" for 127.0.0.1 at 2018-01-28 15:20:28 -0500
Processing by DeviseInvitable::RegistrationsController#new as HTML
  Rendering devise/registrations/new.html.erb within layouts/application
  Rendered devise/shared/_links.html.erb (2.1ms)
  Rendered devise/registrations/new.html.erb within layouts/application (39.1ms)
  Rendered shared/_navbar.html.erb (1.0ms)
Completed 200 OK in 1173ms (Views: 1171.6ms | ActiveRecord: 0.0ms)


Started GET "/users/sign_up" for 127.0.0.1 at 2018-01-28 15:20:53 -0500
Processing by DeviseInvitable::RegistrationsController#new as HTML
  Rendering devise/registrations/new.html.erb within layouts/application
  Rendered devise/shared/_links.html.erb (2.0ms)
  Rendered devise/registrations/new.html.erb within layouts/application (38.1ms)
  Rendered shared/_navbar.html.erb (1.0ms)
Completed 200 OK in 1134ms (Views: 1132.8ms | ActiveRecord: 0.0ms)


Started GET "/users/sign_up" for 127.0.0.1 at 2018-01-28 15:21:21 -0500
Processing by DeviseInvitable::RegistrationsController#new as HTML
  Rendering devise/registrations/new.html.erb within layouts/application
  Rendered devise/shared/_links.html.erb (1.9ms)
  Rendered devise/registrations/new.html.erb within layouts/application (41.1ms)
  Rendered shared/_navbar.html.erb (1.0ms)
Completed 200 OK in 1163ms (Views: 1160.8ms | ActiveRecord: 0.0ms)


Started GET "/users/sign_up" for 127.0.0.1 at 2018-01-28 15:21:25 -0500
Processing by DeviseInvitable::RegistrationsController#new as HTML
  Rendering devise/registrations/new.html.erb within layouts/application
  Rendered devise/shared/_links.html.erb (2.0ms)
  Rendered devise/registrations/new.html.erb within layouts/application (36.1ms)
  Rendered shared/_navbar.html.erb (2.0ms)
Completed 200 OK in 1071ms (Views: 1069.9ms | ActiveRecord: 0.0ms)


Started GET "/users/sign_up" for 127.0.0.1 at 2018-01-28 15:22:10 -0500
Processing by DeviseInvitable::RegistrationsController#new as HTML
  Rendering devise/registrations/new.html.erb within layouts/application
  Rendered devise/shared/_links.html.erb (2.0ms)
  Rendered devise/registrations/new.html.erb within layouts/application (35.1ms)
  Rendered shared/_navbar.html.erb (2.0ms)
Completed 200 OK in 1184ms (Views: 1182.2ms | ActiveRecord: 0.0ms)


Started GET "/users/sign_up" for 127.0.0.1 at 2018-01-28 15:22:22 -0500
Processing by DeviseInvitable::RegistrationsController#new as HTML
  Rendering devise/registrations/new.html.erb within layouts/application
  Rendered devise/shared/_links.html.erb (1.0ms)
  Rendered devise/registrations/new.html.erb within layouts/application (38.1ms)
  Rendered shared/_navbar.html.erb (2.0ms)
Completed 200 OK in 1081ms (Views: 1078.8ms | ActiveRecord: 0.0ms)


Started GET "/users/sign_up" for 127.0.0.1 at 2018-01-28 15:22:47 -0500
Processing by DeviseInvitable::RegistrationsController#new as HTML
  Rendering devise/registrations/new.html.erb within layouts/application
  Rendered devise/shared/_links.html.erb (1.0ms)
  Rendered devise/registrations/new.html.erb within layouts/application (39.1ms)
  Rendered shared/_navbar.html.erb (1.0ms)
Completed 200 OK in 1212ms (Views: 1210.6ms | ActiveRecord: 0.0ms)


Started GET "/users/sign_up" for 127.0.0.1 at 2018-01-28 15:24:28 -0500
Processing by DeviseInvitable::RegistrationsController#new as HTML
  Rendering devise/registrations/new.html.erb within layouts/application
  Rendered devise/shared/_links.html.erb (2.0ms)
  Rendered devise/registrations/new.html.erb within layouts/application (37.1ms)
  Rendered shared/_navbar.html.erb (1.1ms)
Completed 200 OK in 1071ms (Views: 1069.0ms | ActiveRecord: 0.0ms)


Started GET "/users/sign_up" for 127.0.0.1 at 2018-01-28 15:25:48 -0500
  [1m[35m (0.0ms)[0m  [1m[34mSELECT "schema_migrations"."version" FROM "schema_migrations" ORDER BY "schema_migrations"."version" ASC[0m
Processing by DeviseInvitable::RegistrationsController#new as HTML
  Rendering devise/registrations/new.html.erb within layouts/application
  Rendered devise/shared/_links.html.erb (3.1ms)
  Rendered devise/registrations/new.html.erb within layouts/application (111.3ms)
  Rendered shared/_navbar.html.erb (1.0ms)
Completed 200 OK in 86144ms (Views: 86094.5ms | ActiveRecord: 1.0ms)


Started GET "/users/sign_up" for 127.0.0.1 at 2018-01-28 15:27:47 -0500
Processing by DeviseInvitable::RegistrationsController#new as HTML
  Rendering devise/registrations/new.html.erb within layouts/application
  Rendered devise/shared/_links.html.erb (1.1ms)
  Rendered devise/registrations/new.html.erb within layouts/application (38.2ms)
  Rendered shared/_navbar.html.erb (1.0ms)
Completed 200 OK in 1118ms (Views: 1116.0ms | ActiveRecord: 0.0ms)


Started GET "/users/sign_up" for 127.0.0.1 at 2018-01-28 15:28:20 -0500
Processing by DeviseInvitable::RegistrationsController#new as HTML
  Rendering devise/registrations/new.html.erb within layouts/application
  Rendered devise/shared/_links.html.erb (1.0ms)
  Rendered devise/registrations/new.html.erb within layouts/application (36.1ms)
  Rendered shared/_navbar.html.erb (2.0ms)
Completed 200 OK in 1520ms (Views: 1518.9ms | ActiveRecord: 0.0ms)


Started GET "/users/sign_up" for 127.0.0.1 at 2018-01-28 15:29:05 -0500
Processing by DeviseInvitable::RegistrationsController#new as HTML
  Rendering devise/registrations/new.html.erb within layouts/application
  Rendered devise/shared/_links.html.erb (2.0ms)
  Rendered devise/registrations/new.html.erb within layouts/application (43.1ms)
Started GET "/users/sign_up" for 127.0.0.1 at 2018-01-28 15:29:07 -0500
Processing by DeviseInvitable::RegistrationsController#new as HTML
  Rendering devise/registrations/new.html.erb within layouts/application
  Rendered devise/shared/_links.html.erb (2.0ms)
  Rendered devise/registrations/new.html.erb within layouts/application (65.1ms)
  Rendered shared/_navbar.html.erb (2.0ms)
Completed 200 OK in 2141ms (Views: 2138.7ms | ActiveRecord: 0.0ms)


  Rendered shared/_navbar.html.erb (1.0ms)
Completed 200 OK in 1656ms (Views: 1654.0ms | ActiveRecord: 0.0ms)


Started GET "/users/sign_up" for 127.0.0.1 at 2018-01-28 15:29:17 -0500
Processing by DeviseInvitable::RegistrationsController#new as HTML
  Rendering devise/registrations/new.html.erb within layouts/application
  Rendered devise/shared/_links.html.erb (3.0ms)
  Rendered devise/registrations/new.html.erb within layouts/application (37.1ms)
  Rendered shared/_navbar.html.erb (2.0ms)
Completed 200 OK in 1410ms (Views: 1408.9ms | ActiveRecord: 0.0ms)


Started GET "/users/sign_up" for 127.0.0.1 at 2018-01-28 15:29:41 -0500
Processing by DeviseInvitable::RegistrationsController#new as HTML
  Rendering devise/registrations/new.html.erb within layouts/application
  Rendered devise/shared/_links.html.erb (1.0ms)
  Rendered devise/registrations/new.html.erb within layouts/application (42.0ms)
  Rendered shared/_navbar.html.erb (1.0ms)
Completed 200 OK in 4686ms (Views: 4685.1ms | ActiveRecord: 0.0ms)


Started POST "/users" for 127.0.0.1 at 2018-01-28 15:30:04 -0500
Processing by DeviseInvitable::RegistrationsController#create as HTML
  Parameters: {"utf8"=>"✓", "authenticity_token"=>"WKbQWs8c+DCJgY/x1+H0WROF1JpIxdErL7JA6EceLP4A0WybQ8yoQdtOl3lJLwAu8Xlba34SU2VN7qC4I7Dipg==", "user"=>{"email"=>"jonjanelle1@gmail.com", "password"=>"[FILTERED]", "password_confirmation"=>"[FILTERED]"}, "commit"=>"Sign up"}
  [1m[36mUser Load (0.0ms)[0m  [1m[34mSELECT  "users".* FROM "users" WHERE "users"."email" = ? ORDER BY "users"."id" ASC LIMIT ?[0m  [["email", "jonjanelle1@gmail.com"], ["LIMIT", 1]]
Completed 500 Internal Server Error in 109ms (ActiveRecord: 0.0ms)



LoadError - cannot load such file -- 2.3/bcrypt_ext:

Started POST "/__better_errors/c7f9f7fd1172c26b/variables" for 127.0.0.1 at 2018-01-28 15:30:04 -0500
Started GET "/" for 127.0.0.1 at 2018-01-28 15:30:09 -0500
Processing by HomeController#index as HTML
  Rendering home/index.html.erb within layouts/application
  Rendered home/index.html.erb within layouts/application (0.9ms)
  Rendered shared/_navbar.html.erb (2.0ms)
Completed 200 OK in 925ms (Views: 896.7ms | ActiveRecord: 0.0ms)


Started GET "/" for 127.0.0.1 at 2018-01-28 15:31:05 -0500
Processing by HomeController#index as HTML
  Rendering home/index.html.erb within layouts/application
  Rendered home/index.html.erb within layouts/application (0.0ms)
  Rendered shared/_navbar.html.erb (1.0ms)
Completed 200 OK in 1065ms (Views: 1033.4ms | ActiveRecord: 0.0ms)


Started GET "/" for 127.0.0.1 at 2018-01-28 15:31:27 -0500
Processing by HomeController#index as HTML
  Rendering home/index.html.erb within layouts/application
  Rendered home/index.html.erb within layouts/application (1.0ms)
  Rendered shared/_navbar.html.erb (1.0ms)
Completed 200 OK in 1036ms (Views: 1005.2ms | ActiveRecord: 0.0ms)


Started GET "/" for 127.0.0.1 at 2018-01-28 15:31:33 -0500
Processing by HomeController#index as HTML
  Rendering home/index.html.erb within layouts/application
  Rendered home/index.html.erb within layouts/application (0.9ms)
  Rendered shared/_navbar.html.erb (2.0ms)
Completed 200 OK in 982ms (Views: 952.9ms | ActiveRecord: 0.0ms)


Started GET "/" for 127.0.0.1 at 2018-01-28 15:31:38 -0500
Processing by HomeController#index as HTML
  Rendering home/index.html.erb within layouts/application
  Rendered home/index.html.erb within layouts/application (1.0ms)
  Rendered shared/_navbar.html.erb (2.1ms)
Completed 200 OK in 2472ms (Views: 2277.5ms | ActiveRecord: 0.0ms)


Started GET "/" for 127.0.0.1 at 2018-01-28 15:32:03 -0500
Processing by HomeController#index as HTML
  Rendering home/index.html.erb within layouts/application
  Rendered home/index.html.erb within layouts/application (0.9ms)
  Rendered shared/_navbar.html.erb (3.0ms)
Completed 200 OK in 1041ms (Views: 1009.1ms | ActiveRecord: 0.0ms)


Started GET "/" for 127.0.0.1 at 2018-01-28 15:32:14 -0500
Processing by HomeController#index as HTML
  Rendering home/index.html.erb within layouts/application
  Rendered home/index.html.erb within layouts/application (1.0ms)
  Rendered shared/_navbar.html.erb (2.0ms)
Completed 200 OK in 1036ms (Views: 1006.7ms | ActiveRecord: 0.0ms)


Started GET "/" for 127.0.0.1 at 2018-01-28 15:32:40 -0500
Processing by HomeController#index as HTML
  Rendering home/index.html.erb within layouts/application
  Rendered home/index.html.erb within layouts/application (0.0ms)
  Rendered shared/_navbar.html.erb (1.0ms)
Completed 200 OK in 949ms (Views: 916.0ms | ActiveRecord: 0.0ms)


Started GET "/" for 127.0.0.1 at 2018-01-28 15:32:51 -0500
Processing by HomeController#index as HTML
  Rendering home/index.html.erb within layouts/application
  Rendered home/index.html.erb within layouts/application (1.0ms)
  Rendered shared/_navbar.html.erb (2.0ms)
Completed 200 OK in 1113ms (Views: 1084.8ms | ActiveRecord: 0.0ms)


Started GET "/" for 127.0.0.1 at 2018-01-28 15:33:52 -0500
Processing by HomeController#index as HTML
  Rendering home/index.html.erb within layouts/application
  Rendered home/index.html.erb within layouts/application (17220.2ms)
  Rendered shared/_navbar.html.erb (2.0ms)
Completed 200 OK in 19143ms (Views: 19114.2ms | ActiveRecord: 0.0ms)


Started GET "/" for 127.0.0.1 at 2018-01-28 15:34:35 -0500
Processing by HomeController#index as HTML
  Rendering home/index.html.erb within layouts/application
  Rendered home/index.html.erb within layouts/application (10.0ms)
  Rendered shared/_navbar.html.erb (2.0ms)
Completed 200 OK in 1238ms (Views: 1205.3ms | ActiveRecord: 0.0ms)


Started GET "/" for 127.0.0.1 at 2018-01-28 15:34:47 -0500
Processing by HomeController#index as HTML
  Rendering home/index.html.erb within layouts/application
  Rendered home/index.html.erb within layouts/application (7.9ms)
  Rendered shared/_navbar.html.erb (1.0ms)
Completed 200 OK in 948ms (Views: 918.4ms | ActiveRecord: 0.0ms)


Started GET "/" for 127.0.0.1 at 2018-01-28 15:34:59 -0500
Processing by HomeController#index as HTML
  Rendering home/index.html.erb within layouts/application
  Rendered home/index.html.erb within layouts/application (9.0ms)
  Rendered shared/_navbar.html.erb (2.0ms)
Completed 200 OK in 1118ms (Views: 1086.9ms | ActiveRecord: 0.0ms)


Started GET "/" for 127.0.0.1 at 2018-01-28 15:35:20 -0500
Processing by HomeController#index as HTML
  Rendering home/index.html.erb within layouts/application
  Rendered home/index.html.erb within layouts/application (12.0ms)
  Rendered shared/_navbar.html.erb (2.0ms)
Completed 200 OK in 1098ms (Views: 1063.9ms | ActiveRecord: 0.0ms)


Started GET "/" for 127.0.0.1 at 2018-01-28 15:36:09 -0500
Processing by HomeController#index as HTML
  Rendering home/index.html.erb within layouts/application
  Rendered home/index.html.erb within layouts/application (8.0ms)
  Rendered shared/_navbar.html.erb (1.0ms)
Completed 200 OK in 1071ms (Views: 1038.4ms | ActiveRecord: 0.0ms)


Started GET "/" for 127.0.0.1 at 2018-01-28 15:36:22 -0500
Processing by HomeController#index as HTML
  Rendering home/index.html.erb within layouts/application
  Rendered home/index.html.erb within layouts/application (10.0ms)
  Rendered shared/_navbar.html.erb (0.9ms)
Completed 200 OK in 1031ms (Views: 999.7ms | ActiveRecord: 0.0ms)


Started GET "/" for 127.0.0.1 at 2018-01-28 15:36:48 -0500
Processing by HomeController#index as HTML
  Rendering home/index.html.erb within layouts/application
  Rendered home/index.html.erb within layouts/application (10.0ms)
  Rendered shared/_navbar.html.erb (1.0ms)
Completed 200 OK in 1077ms (Views: 1045.8ms | ActiveRecord: 0.0ms)


Started GET "/" for 127.0.0.1 at 2018-01-28 15:37:06 -0500
Processing by HomeController#index as HTML
  Rendering home/index.html.erb within layouts/application
  Rendered home/index.html.erb within layouts/application (10.0ms)
  Rendered shared/_navbar.html.erb (2.0ms)
Completed 200 OK in 1041ms (Views: 1007.4ms | ActiveRecord: 0.0ms)


Started GET "/" for 127.0.0.1 at 2018-01-28 15:37:15 -0500
Processing by HomeController#index as HTML
  Rendering home/index.html.erb within layouts/application
  Rendered home/index.html.erb within layouts/application (11.0ms)
  Rendered shared/_navbar.html.erb (2.0ms)
Completed 200 OK in 1182ms (Views: 1146.0ms | ActiveRecord: 0.0ms)


Started GET "/" for 127.0.0.1 at 2018-01-28 15:37:25 -0500
Processing by HomeController#index as HTML
  Rendering home/index.html.erb within layouts/application
  Rendered home/index.html.erb within layouts/application (9.0ms)
  Rendered shared/_navbar.html.erb (2.0ms)
Completed 200 OK in 1112ms (Views: 1069.8ms | ActiveRecord: 0.0ms)


Started GET "/" for 127.0.0.1 at 2018-01-28 15:38:59 -0500
Processing by HomeController#index as HTML
  Rendering home/index.html.erb within layouts/application
  Rendered home/index.html.erb within layouts/application (9.0ms)
  Rendered shared/_navbar.html.erb (2.0ms)
Completed 200 OK in 4028ms (Views: 3996.3ms | ActiveRecord: 0.0ms)


Started GET "/" for 127.0.0.1 at 2018-01-28 15:39:22 -0500
Processing by HomeController#index as HTML
  Rendering home/index.html.erb within layouts/application
  Rendered home/index.html.erb within layouts/application (9.0ms)
  Rendered shared/_navbar.html.erb (1.0ms)
Completed 200 OK in 4251ms (Views: 4219.5ms | ActiveRecord: 0.0ms)


Started GET "/" for 127.0.0.1 at 2018-01-28 15:39:55 -0500
Processing by HomeController#index as HTML
  Rendering home/index.html.erb within layouts/application
  Rendered home/index.html.erb within layouts/application (10.0ms)
  Rendered shared/_navbar.html.erb (2.0ms)
Completed 200 OK in 1050ms (Views: 1020.7ms | ActiveRecord: 0.0ms)


Started GET "/" for 127.0.0.1 at 2018-01-28 15:40:41 -0500
Processing by HomeController#index as HTML
  Rendering home/index.html.erb within layouts/application
  Rendered home/index.html.erb within layouts/application (10.0ms)
  Rendered shared/_navbar.html.erb (1.0ms)
Completed 200 OK in 1057ms (Views: 1028.4ms | ActiveRecord: 0.0ms)


Started GET "/" for 127.0.0.1 at 2018-01-28 15:41:07 -0500
Processing by HomeController#index as HTML
  Rendering home/index.html.erb within layouts/application
  Rendered home/index.html.erb within layouts/application (10.0ms)
  Rendered shared/_navbar.html.erb (2.0ms)
Completed 200 OK in 1066ms (Views: 1033.8ms | ActiveRecord: 0.0ms)


Started GET "/" for 127.0.0.1 at 2018-01-28 15:41:14 -0500
Processing by HomeController#index as HTML
  Rendering home/index.html.erb within layouts/application
  Rendered home/index.html.erb within layouts/application (9.0ms)
  Rendered shared/_navbar.html.erb (2.0ms)
Completed 200 OK in 1175ms (Views: 1145.0ms | ActiveRecord: 0.0ms)


Started GET "/" for 127.0.0.1 at 2018-01-28 15:42:08 -0500
Processing by HomeController#index as HTML
  Rendering home/index.html.erb within layouts/application
  Rendered home/index.html.erb within layouts/application (10.0ms)
  Rendered shared/_navbar.html.erb (2.0ms)
Completed 200 OK in 3999ms (Views: 3964.4ms | ActiveRecord: 0.0ms)


Started GET "/" for 127.0.0.1 at 2018-01-28 15:42:31 -0500
Processing by HomeController#index as HTML
  Rendering home/index.html.erb within layouts/application
  Rendered home/index.html.erb within layouts/application (10.0ms)
  Rendered shared/_navbar.html.erb (3.0ms)
Completed 200 OK in 1089ms (Views: 1057.1ms | ActiveRecord: 0.0ms)


Started GET "/" for 127.0.0.1 at 2018-01-28 15:42:37 -0500
Processing by HomeController#index as HTML
  Rendering home/index.html.erb within layouts/application
  Rendered home/index.html.erb within layouts/application (8.0ms)
  Rendered shared/_navbar.html.erb (1.0ms)
Completed 200 OK in 970ms (Views: 942.5ms | ActiveRecord: 0.0ms)


Started GET "/" for 127.0.0.1 at 2018-01-28 15:42:59 -0500
Processing by HomeController#index as HTML
  Rendering home/index.html.erb within layouts/application
  Rendered home/index.html.erb within layouts/application (9.0ms)
  Rendered shared/_navbar.html.erb (1.0ms)
Completed 200 OK in 1072ms (Views: 1039.3ms | ActiveRecord: 0.0ms)


Started GET "/" for 127.0.0.1 at 2018-01-28 15:43:14 -0500
Processing by HomeController#index as HTML
  Rendering home/index.html.erb within layouts/application
  Rendered home/index.html.erb within layouts/application (13.0ms)
  Rendered shared/_navbar.html.erb (3.0ms)
Completed 200 OK in 1087ms (Views: 1052.2ms | ActiveRecord: 0.0ms)


Started GET "/" for 127.0.0.1 at 2018-01-28 15:43:19 -0500
Processing by HomeController#index as HTML
  Rendering home/index.html.erb within layouts/application
  Rendered home/index.html.erb within layouts/application (7.9ms)
  Rendered shared/_navbar.html.erb (1.0ms)
Completed 200 OK in 970ms (Views: 939.5ms | ActiveRecord: 0.0ms)


Started GET "/" for 127.0.0.1 at 2018-01-28 15:43:47 -0500
Processing by HomeController#index as HTML
  Rendering home/index.html.erb within layouts/application
  Rendered home/index.html.erb within layouts/application (10.0ms)
  Rendered shared/_navbar.html.erb (3.0ms)
Completed 200 OK in 1305ms (Views: 1270.9ms | ActiveRecord: 0.0ms)


Started GET "/" for 127.0.0.1 at 2018-01-28 15:44:08 -0500
Processing by HomeController#index as HTML
  Rendering home/index.html.erb within layouts/application
  Rendered home/index.html.erb within layouts/application (10.0ms)
  Rendered shared/_navbar.html.erb (1.0ms)
Completed 200 OK in 1039ms (Views: 1010.8ms | ActiveRecord: 0.0ms)


Started GET "/" for 127.0.0.1 at 2018-01-28 15:45:43 -0500
Processing by HomeController#index as HTML
  Rendering home/index.html.erb within layouts/application
  Rendered home/index.html.erb within layouts/application (10.0ms)
  Rendered shared/_navbar.html.erb (2.0ms)
Completed 200 OK in 1116ms (Views: 1081.9ms | ActiveRecord: 0.0ms)


Started GET "/" for 127.0.0.1 at 2018-01-28 15:46:00 -0500
Processing by HomeController#index as HTML
  Rendering home/index.html.erb within layouts/application
  Rendered home/index.html.erb within layouts/application (11.0ms)
  Rendered shared/_navbar.html.erb (1.0ms)
Completed 200 OK in 929ms (Views: 901.3ms | ActiveRecord: 0.0ms)


Started GET "/" for 127.0.0.1 at 2018-01-28 15:46:34 -0500
Processing by HomeController#index as HTML
  Rendering home/index.html.erb within layouts/application
  Rendered home/index.html.erb within layouts/application (9.0ms)
  Rendered shared/_navbar.html.erb (1.0ms)
Completed 200 OK in 1103ms (Views: 1073.4ms | ActiveRecord: 0.0ms)


Started GET "/" for 127.0.0.1 at 2018-01-28 15:47:06 -0500
Processing by HomeController#index as HTML
  Rendering home/index.html.erb within layouts/application
  Rendered home/index.html.erb within layouts/application (9.0ms)
  Rendered shared/_navbar.html.erb (1.0ms)
Completed 200 OK in 1035ms (Views: 1003.6ms | ActiveRecord: 0.0ms)


Started GET "/" for 127.0.0.1 at 2018-01-28 15:47:49 -0500
Processing by HomeController#index as HTML
  Rendering home/index.html.erb within layouts/application
  Rendered home/index.html.erb within layouts/application (9.0ms)
  Rendered shared/_navbar.html.erb (1.0ms)
Completed 200 OK in 4324ms (Views: 4295.2ms | ActiveRecord: 0.0ms)


Started GET "/" for 127.0.0.1 at 2018-01-28 15:48:35 -0500
Processing by HomeController#index as HTML
  Rendering home/index.html.erb within layouts/application
  Rendered home/index.html.erb within layouts/application (11.0ms)
  Rendered shared/_navbar.html.erb (2.0ms)
Completed 200 OK in 1062ms (Views: 1032.1ms | ActiveRecord: 0.0ms)


Started GET "/" for 127.0.0.1 at 2018-01-28 15:48:50 -0500
Processing by HomeController#index as HTML
  Rendering home/index.html.erb within layouts/application
  Rendered home/index.html.erb within layouts/application (9.0ms)
  Rendered shared/_navbar.html.erb (2.0ms)
Completed 200 OK in 1079ms (Views: 1045.7ms | ActiveRecord: 0.0ms)


Started GET "/" for 127.0.0.1 at 2018-01-28 15:49:01 -0500
Processing by HomeController#index as HTML
  Rendering home/index.html.erb within layouts/application
  Rendered home/index.html.erb within layouts/application (9.0ms)
  Rendered shared/_navbar.html.erb (2.0ms)
Completed 200 OK in 1115ms (Views: 1083.2ms | ActiveRecord: 0.0ms)


Started GET "/" for 127.0.0.1 at 2018-01-28 15:50:03 -0500
Processing by HomeController#index as HTML
  Rendering home/index.html.erb within layouts/application
  Rendered home/index.html.erb within layouts/application (9.0ms)
Started GET "/" for 127.0.0.1 at 2018-01-28 15:50:04 -0500
Processing by HomeController#index as HTML
  Rendering home/index.html.erb within layouts/application
  Rendered home/index.html.erb within layouts/application (19.0ms)
  Rendered shared/_navbar.html.erb (2.0ms)
Completed 200 OK in 5213ms (Views: 5178.2ms | ActiveRecord: 0.0ms)


  Rendered shared/_navbar.html.erb (2.0ms)
Completed 200 OK in 4947ms (Views: 4910.1ms | ActiveRecord: 0.0ms)


Started GET "/" for 127.0.0.1 at 2018-01-28 15:50:30 -0500
Processing by HomeController#index as HTML
  Rendering home/index.html.erb within layouts/application
  Rendered home/index.html.erb within layouts/application (10.0ms)
  Rendered shared/_navbar.html.erb (1.0ms)
Completed 200 OK in 1181ms (Views: 1152.3ms | ActiveRecord: 0.0ms)


Started GET "/users/sign_up" for 127.0.0.1 at 2018-01-28 15:50:50 -0500
Processing by DeviseInvitable::RegistrationsController#new as HTML
  Rendering devise/registrations/new.html.erb within layouts/application
  Rendered devise/shared/_links.html.erb (1.9ms)
  Rendered devise/registrations/new.html.erb within layouts/application (37.1ms)
  Rendered shared/_navbar.html.erb (1.0ms)
Completed 200 OK in 1235ms (Views: 1233.5ms | ActiveRecord: 0.0ms)


Started GET "/" for 127.0.0.1 at 2018-01-28 15:51:38 -0500
Processing by HomeController#index as HTML
  Rendering home/index.html.erb within layouts/application
  Rendered home/index.html.erb within layouts/application (10.0ms)
  Rendered shared/_navbar.html.erb (2.0ms)
Completed 200 OK in 4565ms (Views: 4535.2ms | ActiveRecord: 0.0ms)


Started GET "/" for 127.0.0.1 at 2018-01-28 15:56:43 -0500
Processing by HomeController#index as HTML
  Rendering home/index.html.erb within layouts/application
  Rendered home/index.html.erb within layouts/application (9.0ms)
  Rendered shared/_navbar.html.erb (2.1ms)
Completed 200 OK in 949ms (Views: 915.7ms | ActiveRecord: 0.0ms)


Started GET "/" for 127.0.0.1 at 2018-01-28 15:56:57 -0500
Processing by HomeController#index as HTML
  Rendering home/index.html.erb within layouts/application
  Rendered home/index.html.erb within layouts/application (10.0ms)
  Rendered shared/_navbar.html.erb (1.0ms)
Completed 200 OK in 1128ms (Views: 1094.6ms | ActiveRecord: 0.0ms)


Started GET "/" for 127.0.0.1 at 2018-01-28 15:58:45 -0500
Processing by HomeController#index as HTML
  Rendering home/index.html.erb within layouts/application
  Rendered home/index.html.erb within layouts/application (9.0ms)
  Rendered shared/_navbar.html.erb (2.0ms)
Completed 200 OK in 4023ms (Views: 3992.7ms | ActiveRecord: 0.0ms)


Started GET "/" for 127.0.0.1 at 2018-01-28 15:59:34 -0500
Processing by HomeController#index as HTML
  Rendering home/index.html.erb within layouts/application
  Rendered home/index.html.erb within layouts/application (10.0ms)
  Rendered shared/_navbar.html.erb (1.0ms)
Completed 200 OK in 1046ms (Views: 1013.9ms | ActiveRecord: 0.0ms)


Started GET "/" for 127.0.0.1 at 2018-01-28 16:00:45 -0500
Processing by HomeController#index as HTML
  Rendering home/index.html.erb within layouts/application
  Rendered home/index.html.erb within layouts/application (22.2ms)
  Rendered shared/_navbar.html.erb (1.0ms)
Completed 200 OK in 1006ms (Views: 976.2ms | ActiveRecord: 0.0ms)


Started GET "/" for 127.0.0.1 at 2018-01-28 16:01:04 -0500
Processing by HomeController#index as HTML
  Rendering home/index.html.erb within layouts/application
  Rendered home/index.html.erb within layouts/application (10.0ms)
  Rendered shared/_navbar.html.erb (2.0ms)
Completed 200 OK in 1074ms (Views: 1037.3ms | ActiveRecord: 0.0ms)


Started GET "/" for 127.0.0.1 at 2018-01-28 16:01:22 -0500
Processing by HomeController#index as HTML
  Rendering home/index.html.erb within layouts/application
  Rendered home/index.html.erb within layouts/application (11.0ms)
  Rendered shared/_navbar.html.erb (2.0ms)
Completed 200 OK in 1089ms (Views: 1054.4ms | ActiveRecord: 0.0ms)


Started GET "/" for 127.0.0.1 at 2018-01-28 16:01:38 -0500
Processing by HomeController#index as HTML
  Rendering home/index.html.erb within layouts/application
  Rendered home/index.html.erb within layouts/application (10.0ms)
  Rendered shared/_navbar.html.erb (1.0ms)
Completed 200 OK in 1085ms (Views: 1050.8ms | ActiveRecord: 0.0ms)


Started GET "/" for 127.0.0.1 at 2018-01-28 16:02:13 -0500
Processing by HomeController#index as HTML
  Rendering home/index.html.erb within layouts/application
  Rendered home/index.html.erb within layouts/application (9.0ms)
  Rendered shared/_navbar.html.erb (1.0ms)
Completed 200 OK in 1174ms (Views: 1142.3ms | ActiveRecord: 0.0ms)


Started GET "/" for 127.0.0.1 at 2018-01-28 16:02:46 -0500
Processing by HomeController#index as HTML
  Rendering home/index.html.erb within layouts/application
  Rendered home/index.html.erb within layouts/application (11.0ms)
  Rendered shared/_navbar.html.erb (2.0ms)
Completed 200 OK in 1132ms (Views: 1101.8ms | ActiveRecord: 0.0ms)


Started GET "/" for 127.0.0.1 at 2018-01-28 16:03:00 -0500
Processing by HomeController#index as HTML
  Rendering home/index.html.erb within layouts/application
  Rendered home/index.html.erb within layouts/application (11.0ms)
  Rendered shared/_navbar.html.erb (1.0ms)
Completed 200 OK in 1078ms (Views: 1048.1ms | ActiveRecord: 0.0ms)


Started GET "/" for 127.0.0.1 at 2018-01-28 16:03:54 -0500
Processing by HomeController#index as HTML
  Rendering home/index.html.erb within layouts/application
  Rendered home/index.html.erb within layouts/application (10.9ms)
  Rendered shared/_navbar.html.erb (2.0ms)
Completed 200 OK in 4290ms (Views: 4246.4ms | ActiveRecord: 0.0ms)


Started GET "/" for 127.0.0.1 at 2018-01-28 16:04:18 -0500
Processing by HomeController#index as HTML
  Rendering home/index.html.erb within layouts/application
  Rendered home/index.html.erb within layouts/application (10.0ms)
  Rendered shared/_navbar.html.erb (2.0ms)
Completed 200 OK in 4459ms (Views: 4425.0ms | ActiveRecord: 0.0ms)


